2021-12-24 17:01:06.125  INFO 9548 --- [restartedMain] .e.RecruitmentManagmentSystemApplication : Starting RecruitmentManagmentSystemApplication using Java 1.8.0_77 on DESKTOP-U7FQFVU with PID 9548 (C:\Users\hanin\Desktop\sts-projects-2021\-Recruitment_Managment_System\target\classes started by hanin in C:\Users\hanin\Desktop\sts-projects-2021\-Recruitment_Managment_System)
2021-12-24 17:01:06.128  INFO 9548 --- [restartedMain] .e.RecruitmentManagmentSystemApplication : No active profile set, falling back to default profiles: default
2021-12-24 17:01:06.270  INFO 9548 --- [restartedMain] o.s.b.devtools.restart.ChangeableUrls    : The Class-Path manifest attribute in C:\Users\hanin\.m2\repository\org\glassfish\hk2\hk2\2.6.1\hk2-2.6.1.jar referenced one or more files that do not exist: file:/C:/Users/hanin/.m2/repository/org/glassfish/hk2/hk2/2.6.1/hk2-utils.jar,file:/C:/Users/hanin/.m2/repository/org/glassfish/hk2/hk2/2.6.1/jakarta.annotation-api.jar,file:/C:/Users/hanin/.m2/repository/org/glassfish/hk2/hk2/2.6.1/jakarta.inject.jar,file:/C:/Users/hanin/.m2/repository/org/glassfish/hk2/hk2/2.6.1/hk2-api.jar,file:/C:/Users/hanin/.m2/repository/org/glassfish/hk2/hk2/2.6.1/aopalliance-repackaged.jar,file:/C:/Users/hanin/.m2/repository/org/glassfish/hk2/hk2/2.6.1/hk2-core.jar,file:/C:/Users/hanin/.m2/repository/org/glassfish/hk2/hk2/2.6.1/hk2-locator.jar,file:/C:/Users/hanin/.m2/repository/org/glassfish/hk2/hk2/2.6.1/javassist.jar,file:/C:/Users/hanin/.m2/repository/org/glassfish/hk2/hk2/2.6.1/hk2-runlevel.jar,file:/C:/Users/hanin/.m2/repository/org/glassfish/hk2/hk2/2.6.1/class-model.jar,file:/C:/Users/hanin/.m2/repository/org/glassfish/hk2/hk2/2.6.1/asm.jar,file:/C:/Users/hanin/.m2/repository/org/glassfish/hk2/hk2/2.6.1/asm-analysis.jar,file:/C:/Users/hanin/.m2/repository/org/glassfish/hk2/hk2/2.6.1/asm-commons.jar,file:/C:/Users/hanin/.m2/repository/org/glassfish/hk2/hk2/2.6.1/asm-tree.jar,file:/C:/Users/hanin/.m2/repository/org/glassfish/hk2/hk2/2.6.1/asm-util.jar
2021-12-24 17:01:06.318  INFO 9548 --- [restartedMain] .e.DevToolsPropertyDefaultsPostProcessor : Devtools property defaults active! Set 'spring.devtools.add-properties' to 'false' to disable
2021-12-24 17:01:06.318  INFO 9548 --- [restartedMain] .e.DevToolsPropertyDefaultsPostProcessor : For additional web related logging consider setting the 'logging.level.web' property to 'DEBUG'
2021-12-24 17:01:08.175  INFO 9548 --- [restartedMain] .s.d.r.c.RepositoryConfigurationDelegate : Bootstrapping Spring Data JPA repositories in DEFAULT mode.
2021-12-24 17:01:08.381  INFO 9548 --- [restartedMain] .s.d.r.c.RepositoryConfigurationDelegate : Finished Spring Data repository scanning in 192 ms. Found 9 JPA repository interfaces.
2021-12-24 17:01:09.517  INFO 9548 --- [restartedMain] o.s.b.w.embedded.tomcat.TomcatWebServer  : Tomcat initialized with port(s): 3800 (http)
2021-12-24 17:01:09.530  INFO 9548 --- [restartedMain] o.apache.catalina.core.StandardService   : Starting service [Tomcat]
2021-12-24 17:01:09.531  INFO 9548 --- [restartedMain] org.apache.catalina.core.StandardEngine  : Starting Servlet engine: [Apache Tomcat/9.0.54]
2021-12-24 17:01:09.787  INFO 9548 --- [restartedMain] o.a.c.c.C.[Tomcat].[localhost].[/]       : Initializing Spring embedded WebApplicationContext
2021-12-24 17:01:09.788  INFO 9548 --- [restartedMain] w.s.c.ServletWebServerApplicationContext : Root WebApplicationContext: initialization completed in 3468 ms
2021-12-24 17:01:10.189  INFO 9548 --- [restartedMain] o.hibernate.jpa.internal.util.LogHelper  : HHH000204: Processing PersistenceUnitInfo [name: default]
2021-12-24 17:01:10.284  INFO 9548 --- [restartedMain] org.hibernate.Version                    : HHH000412: Hibernate ORM core version 5.4.32.Final
2021-12-24 17:01:10.740  INFO 9548 --- [restartedMain] o.hibernate.annotations.common.Version   : HCANN000001: Hibernate Commons Annotations {5.1.2.Final}
2021-12-24 17:01:10.927  INFO 9548 --- [restartedMain] com.zaxxer.hikari.HikariDataSource       : HikariPool-1 - Starting...
2021-12-24 17:01:11.145  INFO 9548 --- [restartedMain] com.zaxxer.hikari.HikariDataSource       : HikariPool-1 - Start completed.
2021-12-24 17:01:11.169  INFO 9548 --- [restartedMain] org.hibernate.dialect.Dialect            : HHH000400: Using dialect: org.hibernate.dialect.MySQL57Dialect
2021-12-24 17:01:20.498  INFO 9548 --- [restartedMain] o.h.e.t.j.p.i.JtaPlatformInitiator       : HHH000490: Using JtaPlatform implementation: [org.hibernate.engine.transaction.jta.platform.internal.NoJtaPlatform]
2021-12-24 17:01:20.513  INFO 9548 --- [restartedMain] j.LocalContainerEntityManagerFactoryBean : Initialized JPA EntityManagerFactory for persistence unit 'default'
2021-12-24 17:01:21.777  WARN 9548 --- [restartedMain] JpaBaseConfiguration$JpaWebConfiguration : spring.jpa.open-in-view is enabled by default. Therefore, database queries may be performed during view rendering. Explicitly configure spring.jpa.open-in-view to disable this warning
2021-12-24 17:01:23.241  INFO 9548 --- [restartedMain] o.s.b.d.a.OptionalLiveReloadServer       : LiveReload server is running on port 35729
2021-12-24 17:01:23.290  INFO 9548 --- [restartedMain] o.s.b.w.embedded.tomcat.TomcatWebServer  : Tomcat started on port(s): 3800 (http) with context path ''
2021-12-24 17:01:23.318  INFO 9548 --- [restartedMain] .e.RecruitmentManagmentSystemApplication : Started RecruitmentManagmentSystemApplication in 17.887 seconds (JVM running for 19.604)
2021-12-24 17:01:50.188  INFO 9548 --- [http-nio-3800-exec-1] o.a.c.c.C.[Tomcat].[localhost].[/]       : Initializing Spring DispatcherServlet 'dispatcherServlet'
2021-12-24 17:01:50.189  INFO 9548 --- [http-nio-3800-exec-1] o.s.web.servlet.DispatcherServlet        : Initializing Servlet 'dispatcherServlet'
2021-12-24 17:01:50.191  INFO 9548 --- [http-nio-3800-exec-1] o.s.web.servlet.DispatcherServlet        : Completed initialization in 1 ms
2021-12-24 17:06:01.270  INFO 9548 --- [Thread-6] j.LocalContainerEntityManagerFactoryBean : Closing JPA EntityManagerFactory for persistence unit 'default'
2021-12-24 17:06:01.276  INFO 9548 --- [Thread-6] com.zaxxer.hikari.HikariDataSource       : HikariPool-1 - Shutdown initiated...
2021-12-24 17:06:01.290  INFO 9548 --- [Thread-6] com.zaxxer.hikari.HikariDataSource       : HikariPool-1 - Shutdown completed.
2021-12-24 17:06:01.864  INFO 9548 --- [restartedMain] .e.RecruitmentManagmentSystemApplication : Starting RecruitmentManagmentSystemApplication using Java 1.8.0_77 on DESKTOP-U7FQFVU with PID 9548 (C:\Users\hanin\Desktop\sts-projects-2021\-Recruitment_Managment_System\target\classes started by hanin in C:\Users\hanin\Desktop\sts-projects-2021\-Recruitment_Managment_System)
2021-12-24 17:06:01.865  INFO 9548 --- [restartedMain] .e.RecruitmentManagmentSystemApplication : No active profile set, falling back to default profiles: default
2021-12-24 17:06:02.378  INFO 9548 --- [restartedMain] .s.d.r.c.RepositoryConfigurationDelegate : Bootstrapping Spring Data JPA repositories in DEFAULT mode.
2021-12-24 17:06:02.468  INFO 9548 --- [restartedMain] .s.d.r.c.RepositoryConfigurationDelegate : Finished Spring Data repository scanning in 89 ms. Found 9 JPA repository interfaces.
2021-12-24 17:06:03.028  INFO 9548 --- [restartedMain] o.s.b.w.embedded.tomcat.TomcatWebServer  : Tomcat initialized with port(s): 3800 (http)
2021-12-24 17:06:03.030  INFO 9548 --- [restartedMain] o.apache.catalina.core.StandardService   : Starting service [Tomcat]
2021-12-24 17:06:03.030  INFO 9548 --- [restartedMain] org.apache.catalina.core.StandardEngine  : Starting Servlet engine: [Apache Tomcat/9.0.54]
2021-12-24 17:06:03.129  INFO 9548 --- [restartedMain] o.a.c.c.C.[Tomcat].[localhost].[/]       : Initializing Spring embedded WebApplicationContext
2021-12-24 17:06:03.131  INFO 9548 --- [restartedMain] w.s.c.ServletWebServerApplicationContext : Root WebApplicationContext: initialization completed in 1261 ms
2021-12-24 17:06:03.267  INFO 9548 --- [restartedMain] o.hibernate.jpa.internal.util.LogHelper  : HHH000204: Processing PersistenceUnitInfo [name: default]
2021-12-24 17:06:03.277  INFO 9548 --- [restartedMain] com.zaxxer.hikari.HikariDataSource       : HikariPool-2 - Starting...
2021-12-24 17:06:03.283  INFO 9548 --- [restartedMain] com.zaxxer.hikari.HikariDataSource       : HikariPool-2 - Start completed.
2021-12-24 17:06:03.284  INFO 9548 --- [restartedMain] org.hibernate.dialect.Dialect            : HHH000400: Using dialect: org.hibernate.dialect.MySQL57Dialect
2021-12-24 17:06:16.109  INFO 9536 --- [restartedMain] .e.RecruitmentManagmentSystemApplication : Starting RecruitmentManagmentSystemApplication using Java 1.8.0_77 on DESKTOP-U7FQFVU with PID 9536 (C:\Users\hanin\Desktop\sts-projects-2021\-Recruitment_Managment_System\target\classes started by hanin in C:\Users\hanin\Desktop\sts-projects-2021\-Recruitment_Managment_System)
2021-12-24 17:06:16.112  INFO 9536 --- [restartedMain] .e.RecruitmentManagmentSystemApplication : No active profile set, falling back to default profiles: default
2021-12-24 17:06:16.191  INFO 9536 --- [restartedMain] o.s.b.devtools.restart.ChangeableUrls    : The Class-Path manifest attribute in C:\Users\hanin\.m2\repository\org\glassfish\hk2\hk2\2.6.1\hk2-2.6.1.jar referenced one or more files that do not exist: file:/C:/Users/hanin/.m2/repository/org/glassfish/hk2/hk2/2.6.1/hk2-utils.jar,file:/C:/Users/hanin/.m2/repository/org/glassfish/hk2/hk2/2.6.1/jakarta.annotation-api.jar,file:/C:/Users/hanin/.m2/repository/org/glassfish/hk2/hk2/2.6.1/jakarta.inject.jar,file:/C:/Users/hanin/.m2/repository/org/glassfish/hk2/hk2/2.6.1/hk2-api.jar,file:/C:/Users/hanin/.m2/repository/org/glassfish/hk2/hk2/2.6.1/aopalliance-repackaged.jar,file:/C:/Users/hanin/.m2/repository/org/glassfish/hk2/hk2/2.6.1/hk2-core.jar,file:/C:/Users/hanin/.m2/repository/org/glassfish/hk2/hk2/2.6.1/hk2-locator.jar,file:/C:/Users/hanin/.m2/repository/org/glassfish/hk2/hk2/2.6.1/javassist.jar,file:/C:/Users/hanin/.m2/repository/org/glassfish/hk2/hk2/2.6.1/hk2-runlevel.jar,file:/C:/Users/hanin/.m2/repository/org/glassfish/hk2/hk2/2.6.1/class-model.jar,file:/C:/Users/hanin/.m2/repository/org/glassfish/hk2/hk2/2.6.1/asm.jar,file:/C:/Users/hanin/.m2/repository/org/glassfish/hk2/hk2/2.6.1/asm-analysis.jar,file:/C:/Users/hanin/.m2/repository/org/glassfish/hk2/hk2/2.6.1/asm-commons.jar,file:/C:/Users/hanin/.m2/repository/org/glassfish/hk2/hk2/2.6.1/asm-tree.jar,file:/C:/Users/hanin/.m2/repository/org/glassfish/hk2/hk2/2.6.1/asm-util.jar
2021-12-24 17:06:16.193  INFO 9536 --- [restartedMain] .e.DevToolsPropertyDefaultsPostProcessor : Devtools property defaults active! Set 'spring.devtools.add-properties' to 'false' to disable
2021-12-24 17:06:16.193  INFO 9536 --- [restartedMain] .e.DevToolsPropertyDefaultsPostProcessor : For additional web related logging consider setting the 'logging.level.web' property to 'DEBUG'
2021-12-24 17:06:17.498  INFO 9536 --- [restartedMain] .s.d.r.c.RepositoryConfigurationDelegate : Bootstrapping Spring Data JPA repositories in DEFAULT mode.
2021-12-24 17:06:17.670  INFO 9536 --- [restartedMain] .s.d.r.c.RepositoryConfigurationDelegate : Finished Spring Data repository scanning in 156 ms. Found 9 JPA repository interfaces.
2021-12-24 17:06:18.656  INFO 9536 --- [restartedMain] o.s.b.w.embedded.tomcat.TomcatWebServer  : Tomcat initialized with port(s): 3800 (http)
2021-12-24 17:06:18.669  INFO 9536 --- [restartedMain] o.apache.catalina.core.StandardService   : Starting service [Tomcat]
2021-12-24 17:06:18.670  INFO 9536 --- [restartedMain] org.apache.catalina.core.StandardEngine  : Starting Servlet engine: [Apache Tomcat/9.0.54]
2021-12-24 17:06:18.890  INFO 9536 --- [restartedMain] o.a.c.c.C.[Tomcat].[localhost].[/]       : Initializing Spring embedded WebApplicationContext
2021-12-24 17:06:18.890  INFO 9536 --- [restartedMain] w.s.c.ServletWebServerApplicationContext : Root WebApplicationContext: initialization completed in 2696 ms
2021-12-24 17:06:19.273  INFO 9536 --- [restartedMain] o.hibernate.jpa.internal.util.LogHelper  : HHH000204: Processing PersistenceUnitInfo [name: default]
2021-12-24 17:06:19.341  INFO 9536 --- [restartedMain] org.hibernate.Version                    : HHH000412: Hibernate ORM core version 5.4.32.Final
2021-12-24 17:06:19.677  INFO 9536 --- [restartedMain] o.hibernate.annotations.common.Version   : HCANN000001: Hibernate Commons Annotations {5.1.2.Final}
2021-12-24 17:06:19.828  INFO 9536 --- [restartedMain] com.zaxxer.hikari.HikariDataSource       : HikariPool-1 - Starting...
2021-12-24 17:06:20.037  INFO 9536 --- [restartedMain] com.zaxxer.hikari.HikariDataSource       : HikariPool-1 - Start completed.
2021-12-24 17:06:20.070  INFO 9536 --- [restartedMain] org.hibernate.dialect.Dialect            : HHH000400: Using dialect: org.hibernate.dialect.MySQL57Dialect
2021-12-24 17:06:21.436  WARN 9536 --- [restartedMain] o.h.t.s.i.ExceptionHandlerLoggedImpl     : GenerationTarget encountered exception accepting command : Error executing DDL "alter table interview drop foreign key FKn2jt018oxjbmwnjb2o7v7hjde" via JDBC Statement

org.hibernate.tool.schema.spi.CommandAcceptanceException: Error executing DDL "alter table interview drop foreign key FKn2jt018oxjbmwnjb2o7v7hjde" via JDBC Statement
	at org.hibernate.tool.schema.internal.exec.GenerationTargetToDatabase.accept(GenerationTargetToDatabase.java:67) ~[hibernate-core-5.4.32.Final.jar:5.4.32.Final]
	at org.hibernate.tool.schema.internal.SchemaDropperImpl.applySqlString(SchemaDropperImpl.java:375) [hibernate-core-5.4.32.Final.jar:5.4.32.Final]
	at org.hibernate.tool.schema.internal.SchemaDropperImpl.applySqlStrings(SchemaDropperImpl.java:359) [hibernate-core-5.4.32.Final.jar:5.4.32.Final]
	at org.hibernate.tool.schema.internal.SchemaDropperImpl.applyConstraintDropping(SchemaDropperImpl.java:331) [hibernate-core-5.4.32.Final.jar:5.4.32.Final]
	at org.hibernate.tool.schema.internal.SchemaDropperImpl.dropFromMetadata(SchemaDropperImpl.java:230) [hibernate-core-5.4.32.Final.jar:5.4.32.Final]
	at org.hibernate.tool.schema.internal.SchemaDropperImpl.performDrop(SchemaDropperImpl.java:154) [hibernate-core-5.4.32.Final.jar:5.4.32.Final]
	at org.hibernate.tool.schema.internal.SchemaDropperImpl.doDrop(SchemaDropperImpl.java:126) [hibernate-core-5.4.32.Final.jar:5.4.32.Final]
	at org.hibernate.tool.schema.internal.SchemaDropperImpl.doDrop(SchemaDropperImpl.java:112) [hibernate-core-5.4.32.Final.jar:5.4.32.Final]
	at org.hibernate.tool.schema.spi.SchemaManagementToolCoordinator.performDatabaseAction(SchemaManagementToolCoordinator.java:145) [hibernate-core-5.4.32.Final.jar:5.4.32.Final]
	at org.hibernate.tool.schema.spi.SchemaManagementToolCoordinator.process(SchemaManagementToolCoordinator.java:73) [hibernate-core-5.4.32.Final.jar:5.4.32.Final]
	at org.hibernate.internal.SessionFactoryImpl.<init>(SessionFactoryImpl.java:318) [hibernate-core-5.4.32.Final.jar:5.4.32.Final]
	at org.hibernate.boot.internal.SessionFactoryBuilderImpl.build(SessionFactoryBuilderImpl.java:468) [hibernate-core-5.4.32.Final.jar:5.4.32.Final]
	at org.hibernate.jpa.boot.internal.EntityManagerFactoryBuilderImpl.build(EntityManagerFactoryBuilderImpl.java:1259) [hibernate-core-5.4.32.Final.jar:5.4.32.Final]
	at org.springframework.orm.jpa.vendor.SpringHibernateJpaPersistenceProvider.createContainerEntityManagerFactory(SpringHibernateJpaPersistenceProvider.java:58) [spring-orm-5.3.12.jar:5.3.12]
	at org.springframework.orm.jpa.LocalContainerEntityManagerFactoryBean.createNativeEntityManagerFactory(LocalContainerEntityManagerFactoryBean.java:365) [spring-orm-5.3.12.jar:5.3.12]
	at org.springframework.orm.jpa.AbstractEntityManagerFactoryBean.buildNativeEntityManagerFactory(AbstractEntityManagerFactoryBean.java:409) [spring-orm-5.3.12.jar:5.3.12]
	at org.springframework.orm.jpa.AbstractEntityManagerFactoryBean.afterPropertiesSet(AbstractEntityManagerFactoryBean.java:396) [spring-orm-5.3.12.jar:5.3.12]
	at org.springframework.orm.jpa.LocalContainerEntityManagerFactoryBean.afterPropertiesSet(LocalContainerEntityManagerFactoryBean.java:341) [spring-orm-5.3.12.jar:5.3.12]
	at org.springframework.beans.factory.support.AbstractAutowireCapableBeanFactory.invokeInitMethods(AbstractAutowireCapableBeanFactory.java:1863) [spring-beans-5.3.12.jar:5.3.12]
	at org.springframework.beans.factory.support.AbstractAutowireCapableBeanFactory.initializeBean(AbstractAutowireCapableBeanFactory.java:1800) [spring-beans-5.3.12.jar:5.3.12]
	at org.springframework.beans.factory.support.AbstractAutowireCapableBeanFactory.doCreateBean(AbstractAutowireCapableBeanFactory.java:620) [spring-beans-5.3.12.jar:5.3.12]
	at org.springframework.beans.factory.support.AbstractAutowireCapableBeanFactory.createBean(AbstractAutowireCapableBeanFactory.java:542) [spring-beans-5.3.12.jar:5.3.12]
	at org.springframework.beans.factory.support.AbstractBeanFactory.lambda$doGetBean$0(AbstractBeanFactory.java:335) [spring-beans-5.3.12.jar:5.3.12]
	at org.springframework.beans.factory.support.DefaultSingletonBeanRegistry.getSingleton(DefaultSingletonBeanRegistry.java:234) ~[spring-beans-5.3.12.jar:5.3.12]
	at org.springframework.beans.factory.support.AbstractBeanFactory.doGetBean(AbstractBeanFactory.java:333) [spring-beans-5.3.12.jar:5.3.12]
	at org.springframework.beans.factory.support.AbstractBeanFactory.getBean(AbstractBeanFactory.java:208) [spring-beans-5.3.12.jar:5.3.12]
	at org.springframework.context.support.AbstractApplicationContext.getBean(AbstractApplicationContext.java:1154) ~[spring-context-5.3.12.jar:5.3.12]
	at org.springframework.context.support.AbstractApplicationContext.finishBeanFactoryInitialization(AbstractApplicationContext.java:908) ~[spring-context-5.3.12.jar:5.3.12]
	at org.springframework.context.support.AbstractApplicationContext.refresh(AbstractApplicationContext.java:583) ~[spring-context-5.3.12.jar:5.3.12]
	at org.springframework.boot.web.servlet.context.ServletWebServerApplicationContext.refresh(ServletWebServerApplicationContext.java:145) ~[spring-boot-2.5.6.jar:2.5.6]
	at org.springframework.boot.SpringApplication.refresh(SpringApplication.java:754) ~[spring-boot-2.5.6.jar:2.5.6]
	at org.springframework.boot.SpringApplication.refreshContext(SpringApplication.java:434) ~[spring-boot-2.5.6.jar:2.5.6]
	at org.springframework.boot.SpringApplication.run(SpringApplication.java:338) ~[spring-boot-2.5.6.jar:2.5.6]
	at org.springframework.boot.SpringApplication.run(SpringApplication.java:1343) ~[spring-boot-2.5.6.jar:2.5.6]
	at org.springframework.boot.SpringApplication.run(SpringApplication.java:1332) ~[spring-boot-2.5.6.jar:2.5.6]
	at com.example.RecruitmentManagmentSystemApplication.main(RecruitmentManagmentSystemApplication.java:52) ~[classes/:na]
	at sun.reflect.NativeMethodAccessorImpl.invoke0(Native Method) ~[na:1.8.0_77]
	at sun.reflect.NativeMethodAccessorImpl.invoke(NativeMethodAccessorImpl.java:62) ~[na:1.8.0_77]
	at sun.reflect.DelegatingMethodAccessorImpl.invoke(DelegatingMethodAccessorImpl.java:43) ~[na:1.8.0_77]
	at java.lang.reflect.Method.invoke(Method.java:498) ~[na:1.8.0_77]
	at org.springframework.boot.devtools.restart.RestartLauncher.run(RestartLauncher.java:49) ~[spring-boot-devtools-2.5.6.jar:2.5.6]
Caused by: java.sql.SQLSyntaxErrorException: Ne peut effacer (DROP) 'FKn2jt018oxjbmwnjb2o7v7hjde'. Vérifiez s'il existe
	at com.mysql.cj.jdbc.exceptions.SQLError.createSQLException(SQLError.java:120) ~[mysql-connector-java-8.0.27.jar:8.0.27]
	at com.mysql.cj.jdbc.exceptions.SQLExceptionsMapping.translateException(SQLExceptionsMapping.java:122) ~[mysql-connector-java-8.0.27.jar:8.0.27]
	at com.mysql.cj.jdbc.StatementImpl.executeInternal(StatementImpl.java:768) ~[mysql-connector-java-8.0.27.jar:8.0.27]
	at com.mysql.cj.jdbc.StatementImpl.execute(StatementImpl.java:653) ~[mysql-connector-java-8.0.27.jar:8.0.27]
	at com.zaxxer.hikari.pool.ProxyStatement.execute(ProxyStatement.java:94) ~[HikariCP-4.0.3.jar:na]
	at com.zaxxer.hikari.pool.HikariProxyStatement.execute(HikariProxyStatement.java) ~[HikariCP-4.0.3.jar:na]
	at org.hibernate.tool.schema.internal.exec.GenerationTargetToDatabase.accept(GenerationTargetToDatabase.java:54) ~[hibernate-core-5.4.32.Final.jar:5.4.32.Final]
	... 40 common frames omitted

2021-12-24 17:06:21.477  WARN 9536 --- [restartedMain] o.h.t.s.i.ExceptionHandlerLoggedImpl     : GenerationTarget encountered exception accepting command : Error executing DDL "alter table interview drop foreign key FKp7s2yp7shq1828jju8v27e0f3" via JDBC Statement

org.hibernate.tool.schema.spi.CommandAcceptanceException: Error executing DDL "alter table interview drop foreign key FKp7s2yp7shq1828jju8v27e0f3" via JDBC Statement
	at org.hibernate.tool.schema.internal.exec.GenerationTargetToDatabase.accept(GenerationTargetToDatabase.java:67) ~[hibernate-core-5.4.32.Final.jar:5.4.32.Final]
	at org.hibernate.tool.schema.internal.SchemaDropperImpl.applySqlString(SchemaDropperImpl.java:375) [hibernate-core-5.4.32.Final.jar:5.4.32.Final]
	at org.hibernate.tool.schema.internal.SchemaDropperImpl.applySqlStrings(SchemaDropperImpl.java:359) [hibernate-core-5.4.32.Final.jar:5.4.32.Final]
	at org.hibernate.tool.schema.internal.SchemaDropperImpl.applyConstraintDropping(SchemaDropperImpl.java:331) [hibernate-core-5.4.32.Final.jar:5.4.32.Final]
	at org.hibernate.tool.schema.internal.SchemaDropperImpl.dropFromMetadata(SchemaDropperImpl.java:230) [hibernate-core-5.4.32.Final.jar:5.4.32.Final]
	at org.hibernate.tool.schema.internal.SchemaDropperImpl.performDrop(SchemaDropperImpl.java:154) [hibernate-core-5.4.32.Final.jar:5.4.32.Final]
	at org.hibernate.tool.schema.internal.SchemaDropperImpl.doDrop(SchemaDropperImpl.java:126) [hibernate-core-5.4.32.Final.jar:5.4.32.Final]
	at org.hibernate.tool.schema.internal.SchemaDropperImpl.doDrop(SchemaDropperImpl.java:112) [hibernate-core-5.4.32.Final.jar:5.4.32.Final]
	at org.hibernate.tool.schema.spi.SchemaManagementToolCoordinator.performDatabaseAction(SchemaManagementToolCoordinator.java:145) [hibernate-core-5.4.32.Final.jar:5.4.32.Final]
	at org.hibernate.tool.schema.spi.SchemaManagementToolCoordinator.process(SchemaManagementToolCoordinator.java:73) [hibernate-core-5.4.32.Final.jar:5.4.32.Final]
	at org.hibernate.internal.SessionFactoryImpl.<init>(SessionFactoryImpl.java:318) [hibernate-core-5.4.32.Final.jar:5.4.32.Final]
	at org.hibernate.boot.internal.SessionFactoryBuilderImpl.build(SessionFactoryBuilderImpl.java:468) [hibernate-core-5.4.32.Final.jar:5.4.32.Final]
	at org.hibernate.jpa.boot.internal.EntityManagerFactoryBuilderImpl.build(EntityManagerFactoryBuilderImpl.java:1259) [hibernate-core-5.4.32.Final.jar:5.4.32.Final]
	at org.springframework.orm.jpa.vendor.SpringHibernateJpaPersistenceProvider.createContainerEntityManagerFactory(SpringHibernateJpaPersistenceProvider.java:58) [spring-orm-5.3.12.jar:5.3.12]
	at org.springframework.orm.jpa.LocalContainerEntityManagerFactoryBean.createNativeEntityManagerFactory(LocalContainerEntityManagerFactoryBean.java:365) [spring-orm-5.3.12.jar:5.3.12]
	at org.springframework.orm.jpa.AbstractEntityManagerFactoryBean.buildNativeEntityManagerFactory(AbstractEntityManagerFactoryBean.java:409) [spring-orm-5.3.12.jar:5.3.12]
	at org.springframework.orm.jpa.AbstractEntityManagerFactoryBean.afterPropertiesSet(AbstractEntityManagerFactoryBean.java:396) [spring-orm-5.3.12.jar:5.3.12]
	at org.springframework.orm.jpa.LocalContainerEntityManagerFactoryBean.afterPropertiesSet(LocalContainerEntityManagerFactoryBean.java:341) [spring-orm-5.3.12.jar:5.3.12]
	at org.springframework.beans.factory.support.AbstractAutowireCapableBeanFactory.invokeInitMethods(AbstractAutowireCapableBeanFactory.java:1863) [spring-beans-5.3.12.jar:5.3.12]
	at org.springframework.beans.factory.support.AbstractAutowireCapableBeanFactory.initializeBean(AbstractAutowireCapableBeanFactory.java:1800) [spring-beans-5.3.12.jar:5.3.12]
	at org.springframework.beans.factory.support.AbstractAutowireCapableBeanFactory.doCreateBean(AbstractAutowireCapableBeanFactory.java:620) [spring-beans-5.3.12.jar:5.3.12]
	at org.springframework.beans.factory.support.AbstractAutowireCapableBeanFactory.createBean(AbstractAutowireCapableBeanFactory.java:542) [spring-beans-5.3.12.jar:5.3.12]
	at org.springframework.beans.factory.support.AbstractBeanFactory.lambda$doGetBean$0(AbstractBeanFactory.java:335) [spring-beans-5.3.12.jar:5.3.12]
	at org.springframework.beans.factory.support.DefaultSingletonBeanRegistry.getSingleton(DefaultSingletonBeanRegistry.java:234) ~[spring-beans-5.3.12.jar:5.3.12]
	at org.springframework.beans.factory.support.AbstractBeanFactory.doGetBean(AbstractBeanFactory.java:333) [spring-beans-5.3.12.jar:5.3.12]
	at org.springframework.beans.factory.support.AbstractBeanFactory.getBean(AbstractBeanFactory.java:208) [spring-beans-5.3.12.jar:5.3.12]
	at org.springframework.context.support.AbstractApplicationContext.getBean(AbstractApplicationContext.java:1154) ~[spring-context-5.3.12.jar:5.3.12]
	at org.springframework.context.support.AbstractApplicationContext.finishBeanFactoryInitialization(AbstractApplicationContext.java:908) ~[spring-context-5.3.12.jar:5.3.12]
	at org.springframework.context.support.AbstractApplicationContext.refresh(AbstractApplicationContext.java:583) ~[spring-context-5.3.12.jar:5.3.12]
	at org.springframework.boot.web.servlet.context.ServletWebServerApplicationContext.refresh(ServletWebServerApplicationContext.java:145) ~[spring-boot-2.5.6.jar:2.5.6]
	at org.springframework.boot.SpringApplication.refresh(SpringApplication.java:754) ~[spring-boot-2.5.6.jar:2.5.6]
	at org.springframework.boot.SpringApplication.refreshContext(SpringApplication.java:434) ~[spring-boot-2.5.6.jar:2.5.6]
	at org.springframework.boot.SpringApplication.run(SpringApplication.java:338) ~[spring-boot-2.5.6.jar:2.5.6]
	at org.springframework.boot.SpringApplication.run(SpringApplication.java:1343) ~[spring-boot-2.5.6.jar:2.5.6]
	at org.springframework.boot.SpringApplication.run(SpringApplication.java:1332) ~[spring-boot-2.5.6.jar:2.5.6]
	at com.example.RecruitmentManagmentSystemApplication.main(RecruitmentManagmentSystemApplication.java:52) ~[classes/:na]
	at sun.reflect.NativeMethodAccessorImpl.invoke0(Native Method) ~[na:1.8.0_77]
	at sun.reflect.NativeMethodAccessorImpl.invoke(NativeMethodAccessorImpl.java:62) ~[na:1.8.0_77]
	at sun.reflect.DelegatingMethodAccessorImpl.invoke(DelegatingMethodAccessorImpl.java:43) ~[na:1.8.0_77]
	at java.lang.reflect.Method.invoke(Method.java:498) ~[na:1.8.0_77]
	at org.springframework.boot.devtools.restart.RestartLauncher.run(RestartLauncher.java:49) ~[spring-boot-devtools-2.5.6.jar:2.5.6]
Caused by: java.sql.SQLSyntaxErrorException: Ne peut effacer (DROP) 'FKp7s2yp7shq1828jju8v27e0f3'. Vérifiez s'il existe
	at com.mysql.cj.jdbc.exceptions.SQLError.createSQLException(SQLError.java:120) ~[mysql-connector-java-8.0.27.jar:8.0.27]
	at com.mysql.cj.jdbc.exceptions.SQLExceptionsMapping.translateException(SQLExceptionsMapping.java:122) ~[mysql-connector-java-8.0.27.jar:8.0.27]
	at com.mysql.cj.jdbc.StatementImpl.executeInternal(StatementImpl.java:768) ~[mysql-connector-java-8.0.27.jar:8.0.27]
	at com.mysql.cj.jdbc.StatementImpl.execute(StatementImpl.java:653) ~[mysql-connector-java-8.0.27.jar:8.0.27]
	at com.zaxxer.hikari.pool.ProxyStatement.execute(ProxyStatement.java:94) ~[HikariCP-4.0.3.jar:na]
	at com.zaxxer.hikari.pool.HikariProxyStatement.execute(HikariProxyStatement.java) ~[HikariCP-4.0.3.jar:na]
	at org.hibernate.tool.schema.internal.exec.GenerationTargetToDatabase.accept(GenerationTargetToDatabase.java:54) ~[hibernate-core-5.4.32.Final.jar:5.4.32.Final]
	... 40 common frames omitted

2021-12-24 17:06:21.482  WARN 9536 --- [restartedMain] o.h.t.s.i.ExceptionHandlerLoggedImpl     : GenerationTarget encountered exception accepting command : Error executing DDL "alter table questionnaire drop foreign key FKecuc2dxt97o5bf3bgewqik2n8" via JDBC Statement

org.hibernate.tool.schema.spi.CommandAcceptanceException: Error executing DDL "alter table questionnaire drop foreign key FKecuc2dxt97o5bf3bgewqik2n8" via JDBC Statement
	at org.hibernate.tool.schema.internal.exec.GenerationTargetToDatabase.accept(GenerationTargetToDatabase.java:67) ~[hibernate-core-5.4.32.Final.jar:5.4.32.Final]
	at org.hibernate.tool.schema.internal.SchemaDropperImpl.applySqlString(SchemaDropperImpl.java:375) [hibernate-core-5.4.32.Final.jar:5.4.32.Final]
	at org.hibernate.tool.schema.internal.SchemaDropperImpl.applySqlStrings(SchemaDropperImpl.java:359) [hibernate-core-5.4.32.Final.jar:5.4.32.Final]
	at org.hibernate.tool.schema.internal.SchemaDropperImpl.applyConstraintDropping(SchemaDropperImpl.java:331) [hibernate-core-5.4.32.Final.jar:5.4.32.Final]
	at org.hibernate.tool.schema.internal.SchemaDropperImpl.dropFromMetadata(SchemaDropperImpl.java:230) [hibernate-core-5.4.32.Final.jar:5.4.32.Final]
	at org.hibernate.tool.schema.internal.SchemaDropperImpl.performDrop(SchemaDropperImpl.java:154) [hibernate-core-5.4.32.Final.jar:5.4.32.Final]
	at org.hibernate.tool.schema.internal.SchemaDropperImpl.doDrop(SchemaDropperImpl.java:126) [hibernate-core-5.4.32.Final.jar:5.4.32.Final]
	at org.hibernate.tool.schema.internal.SchemaDropperImpl.doDrop(SchemaDropperImpl.java:112) [hibernate-core-5.4.32.Final.jar:5.4.32.Final]
	at org.hibernate.tool.schema.spi.SchemaManagementToolCoordinator.performDatabaseAction(SchemaManagementToolCoordinator.java:145) [hibernate-core-5.4.32.Final.jar:5.4.32.Final]
	at org.hibernate.tool.schema.spi.SchemaManagementToolCoordinator.process(SchemaManagementToolCoordinator.java:73) [hibernate-core-5.4.32.Final.jar:5.4.32.Final]
	at org.hibernate.internal.SessionFactoryImpl.<init>(SessionFactoryImpl.java:318) [hibernate-core-5.4.32.Final.jar:5.4.32.Final]
	at org.hibernate.boot.internal.SessionFactoryBuilderImpl.build(SessionFactoryBuilderImpl.java:468) [hibernate-core-5.4.32.Final.jar:5.4.32.Final]
	at org.hibernate.jpa.boot.internal.EntityManagerFactoryBuilderImpl.build(EntityManagerFactoryBuilderImpl.java:1259) [hibernate-core-5.4.32.Final.jar:5.4.32.Final]
	at org.springframework.orm.jpa.vendor.SpringHibernateJpaPersistenceProvider.createContainerEntityManagerFactory(SpringHibernateJpaPersistenceProvider.java:58) [spring-orm-5.3.12.jar:5.3.12]
	at org.springframework.orm.jpa.LocalContainerEntityManagerFactoryBean.createNativeEntityManagerFactory(LocalContainerEntityManagerFactoryBean.java:365) [spring-orm-5.3.12.jar:5.3.12]
	at org.springframework.orm.jpa.AbstractEntityManagerFactoryBean.buildNativeEntityManagerFactory(AbstractEntityManagerFactoryBean.java:409) [spring-orm-5.3.12.jar:5.3.12]
	at org.springframework.orm.jpa.AbstractEntityManagerFactoryBean.afterPropertiesSet(AbstractEntityManagerFactoryBean.java:396) [spring-orm-5.3.12.jar:5.3.12]
	at org.springframework.orm.jpa.LocalContainerEntityManagerFactoryBean.afterPropertiesSet(LocalContainerEntityManagerFactoryBean.java:341) [spring-orm-5.3.12.jar:5.3.12]
	at org.springframework.beans.factory.support.AbstractAutowireCapableBeanFactory.invokeInitMethods(AbstractAutowireCapableBeanFactory.java:1863) [spring-beans-5.3.12.jar:5.3.12]
	at org.springframework.beans.factory.support.AbstractAutowireCapableBeanFactory.initializeBean(AbstractAutowireCapableBeanFactory.java:1800) [spring-beans-5.3.12.jar:5.3.12]
	at org.springframework.beans.factory.support.AbstractAutowireCapableBeanFactory.doCreateBean(AbstractAutowireCapableBeanFactory.java:620) [spring-beans-5.3.12.jar:5.3.12]
	at org.springframework.beans.factory.support.AbstractAutowireCapableBeanFactory.createBean(AbstractAutowireCapableBeanFactory.java:542) [spring-beans-5.3.12.jar:5.3.12]
	at org.springframework.beans.factory.support.AbstractBeanFactory.lambda$doGetBean$0(AbstractBeanFactory.java:335) [spring-beans-5.3.12.jar:5.3.12]
	at org.springframework.beans.factory.support.DefaultSingletonBeanRegistry.getSingleton(DefaultSingletonBeanRegistry.java:234) ~[spring-beans-5.3.12.jar:5.3.12]
	at org.springframework.beans.factory.support.AbstractBeanFactory.doGetBean(AbstractBeanFactory.java:333) [spring-beans-5.3.12.jar:5.3.12]
	at org.springframework.beans.factory.support.AbstractBeanFactory.getBean(AbstractBeanFactory.java:208) [spring-beans-5.3.12.jar:5.3.12]
	at org.springframework.context.support.AbstractApplicationContext.getBean(AbstractApplicationContext.java:1154) ~[spring-context-5.3.12.jar:5.3.12]
	at org.springframework.context.support.AbstractApplicationContext.finishBeanFactoryInitialization(AbstractApplicationContext.java:908) ~[spring-context-5.3.12.jar:5.3.12]
	at org.springframework.context.support.AbstractApplicationContext.refresh(AbstractApplicationContext.java:583) ~[spring-context-5.3.12.jar:5.3.12]
	at org.springframework.boot.web.servlet.context.ServletWebServerApplicationContext.refresh(ServletWebServerApplicationContext.java:145) ~[spring-boot-2.5.6.jar:2.5.6]
	at org.springframework.boot.SpringApplication.refresh(SpringApplication.java:754) ~[spring-boot-2.5.6.jar:2.5.6]
	at org.springframework.boot.SpringApplication.refreshContext(SpringApplication.java:434) ~[spring-boot-2.5.6.jar:2.5.6]
	at org.springframework.boot.SpringApplication.run(SpringApplication.java:338) ~[spring-boot-2.5.6.jar:2.5.6]
	at org.springframework.boot.SpringApplication.run(SpringApplication.java:1343) ~[spring-boot-2.5.6.jar:2.5.6]
	at org.springframework.boot.SpringApplication.run(SpringApplication.java:1332) ~[spring-boot-2.5.6.jar:2.5.6]
	at com.example.RecruitmentManagmentSystemApplication.main(RecruitmentManagmentSystemApplication.java:52) ~[classes/:na]
	at sun.reflect.NativeMethodAccessorImpl.invoke0(Native Method) ~[na:1.8.0_77]
	at sun.reflect.NativeMethodAccessorImpl.invoke(NativeMethodAccessorImpl.java:62) ~[na:1.8.0_77]
	at sun.reflect.DelegatingMethodAccessorImpl.invoke(DelegatingMethodAccessorImpl.java:43) ~[na:1.8.0_77]
	at java.lang.reflect.Method.invoke(Method.java:498) ~[na:1.8.0_77]
	at org.springframework.boot.devtools.restart.RestartLauncher.run(RestartLauncher.java:49) ~[spring-boot-devtools-2.5.6.jar:2.5.6]
Caused by: java.sql.SQLSyntaxErrorException: La table 'recruitment.questionnaire' n'existe pas
	at com.mysql.cj.jdbc.exceptions.SQLError.createSQLException(SQLError.java:120) ~[mysql-connector-java-8.0.27.jar:8.0.27]
	at com.mysql.cj.jdbc.exceptions.SQLExceptionsMapping.translateException(SQLExceptionsMapping.java:122) ~[mysql-connector-java-8.0.27.jar:8.0.27]
	at com.mysql.cj.jdbc.StatementImpl.executeInternal(StatementImpl.java:768) ~[mysql-connector-java-8.0.27.jar:8.0.27]
	at com.mysql.cj.jdbc.StatementImpl.execute(StatementImpl.java:653) ~[mysql-connector-java-8.0.27.jar:8.0.27]
	at com.zaxxer.hikari.pool.ProxyStatement.execute(ProxyStatement.java:94) ~[HikariCP-4.0.3.jar:na]
	at com.zaxxer.hikari.pool.HikariProxyStatement.execute(HikariProxyStatement.java) ~[HikariCP-4.0.3.jar:na]
	at org.hibernate.tool.schema.internal.exec.GenerationTargetToDatabase.accept(GenerationTargetToDatabase.java:54) ~[hibernate-core-5.4.32.Final.jar:5.4.32.Final]
	... 40 common frames omitted

2021-12-24 17:06:21.486  WARN 9536 --- [restartedMain] o.h.t.s.i.ExceptionHandlerLoggedImpl     : GenerationTarget encountered exception accepting command : Error executing DDL "alter table questionnaire drop foreign key FKgdq0ua9vv0ai1gd2k7niwkxft" via JDBC Statement

org.hibernate.tool.schema.spi.CommandAcceptanceException: Error executing DDL "alter table questionnaire drop foreign key FKgdq0ua9vv0ai1gd2k7niwkxft" via JDBC Statement
	at org.hibernate.tool.schema.internal.exec.GenerationTargetToDatabase.accept(GenerationTargetToDatabase.java:67) ~[hibernate-core-5.4.32.Final.jar:5.4.32.Final]
	at org.hibernate.tool.schema.internal.SchemaDropperImpl.applySqlString(SchemaDropperImpl.java:375) [hibernate-core-5.4.32.Final.jar:5.4.32.Final]
	at org.hibernate.tool.schema.internal.SchemaDropperImpl.applySqlStrings(SchemaDropperImpl.java:359) [hibernate-core-5.4.32.Final.jar:5.4.32.Final]
	at org.hibernate.tool.schema.internal.SchemaDropperImpl.applyConstraintDropping(SchemaDropperImpl.java:331) [hibernate-core-5.4.32.Final.jar:5.4.32.Final]
	at org.hibernate.tool.schema.internal.SchemaDropperImpl.dropFromMetadata(SchemaDropperImpl.java:230) [hibernate-core-5.4.32.Final.jar:5.4.32.Final]
	at org.hibernate.tool.schema.internal.SchemaDropperImpl.performDrop(SchemaDropperImpl.java:154) [hibernate-core-5.4.32.Final.jar:5.4.32.Final]
	at org.hibernate.tool.schema.internal.SchemaDropperImpl.doDrop(SchemaDropperImpl.java:126) [hibernate-core-5.4.32.Final.jar:5.4.32.Final]
	at org.hibernate.tool.schema.internal.SchemaDropperImpl.doDrop(SchemaDropperImpl.java:112) [hibernate-core-5.4.32.Final.jar:5.4.32.Final]
	at org.hibernate.tool.schema.spi.SchemaManagementToolCoordinator.performDatabaseAction(SchemaManagementToolCoordinator.java:145) [hibernate-core-5.4.32.Final.jar:5.4.32.Final]
	at org.hibernate.tool.schema.spi.SchemaManagementToolCoordinator.process(SchemaManagementToolCoordinator.java:73) [hibernate-core-5.4.32.Final.jar:5.4.32.Final]
	at org.hibernate.internal.SessionFactoryImpl.<init>(SessionFactoryImpl.java:318) [hibernate-core-5.4.32.Final.jar:5.4.32.Final]
	at org.hibernate.boot.internal.SessionFactoryBuilderImpl.build(SessionFactoryBuilderImpl.java:468) [hibernate-core-5.4.32.Final.jar:5.4.32.Final]
	at org.hibernate.jpa.boot.internal.EntityManagerFactoryBuilderImpl.build(EntityManagerFactoryBuilderImpl.java:1259) [hibernate-core-5.4.32.Final.jar:5.4.32.Final]
	at org.springframework.orm.jpa.vendor.SpringHibernateJpaPersistenceProvider.createContainerEntityManagerFactory(SpringHibernateJpaPersistenceProvider.java:58) [spring-orm-5.3.12.jar:5.3.12]
	at org.springframework.orm.jpa.LocalContainerEntityManagerFactoryBean.createNativeEntityManagerFactory(LocalContainerEntityManagerFactoryBean.java:365) [spring-orm-5.3.12.jar:5.3.12]
	at org.springframework.orm.jpa.AbstractEntityManagerFactoryBean.buildNativeEntityManagerFactory(AbstractEntityManagerFactoryBean.java:409) [spring-orm-5.3.12.jar:5.3.12]
	at org.springframework.orm.jpa.AbstractEntityManagerFactoryBean.afterPropertiesSet(AbstractEntityManagerFactoryBean.java:396) [spring-orm-5.3.12.jar:5.3.12]
	at org.springframework.orm.jpa.LocalContainerEntityManagerFactoryBean.afterPropertiesSet(LocalContainerEntityManagerFactoryBean.java:341) [spring-orm-5.3.12.jar:5.3.12]
	at org.springframework.beans.factory.support.AbstractAutowireCapableBeanFactory.invokeInitMethods(AbstractAutowireCapableBeanFactory.java:1863) [spring-beans-5.3.12.jar:5.3.12]
	at org.springframework.beans.factory.support.AbstractAutowireCapableBeanFactory.initializeBean(AbstractAutowireCapableBeanFactory.java:1800) [spring-beans-5.3.12.jar:5.3.12]
	at org.springframework.beans.factory.support.AbstractAutowireCapableBeanFactory.doCreateBean(AbstractAutowireCapableBeanFactory.java:620) [spring-beans-5.3.12.jar:5.3.12]
	at org.springframework.beans.factory.support.AbstractAutowireCapableBeanFactory.createBean(AbstractAutowireCapableBeanFactory.java:542) [spring-beans-5.3.12.jar:5.3.12]
	at org.springframework.beans.factory.support.AbstractBeanFactory.lambda$doGetBean$0(AbstractBeanFactory.java:335) [spring-beans-5.3.12.jar:5.3.12]
	at org.springframework.beans.factory.support.DefaultSingletonBeanRegistry.getSingleton(DefaultSingletonBeanRegistry.java:234) ~[spring-beans-5.3.12.jar:5.3.12]
	at org.springframework.beans.factory.support.AbstractBeanFactory.doGetBean(AbstractBeanFactory.java:333) [spring-beans-5.3.12.jar:5.3.12]
	at org.springframework.beans.factory.support.AbstractBeanFactory.getBean(AbstractBeanFactory.java:208) [spring-beans-5.3.12.jar:5.3.12]
	at org.springframework.context.support.AbstractApplicationContext.getBean(AbstractApplicationContext.java:1154) ~[spring-context-5.3.12.jar:5.3.12]
	at org.springframework.context.support.AbstractApplicationContext.finishBeanFactoryInitialization(AbstractApplicationContext.java:908) ~[spring-context-5.3.12.jar:5.3.12]
	at org.springframework.context.support.AbstractApplicationContext.refresh(AbstractApplicationContext.java:583) ~[spring-context-5.3.12.jar:5.3.12]
	at org.springframework.boot.web.servlet.context.ServletWebServerApplicationContext.refresh(ServletWebServerApplicationContext.java:145) ~[spring-boot-2.5.6.jar:2.5.6]
	at org.springframework.boot.SpringApplication.refresh(SpringApplication.java:754) ~[spring-boot-2.5.6.jar:2.5.6]
	at org.springframework.boot.SpringApplication.refreshContext(SpringApplication.java:434) ~[spring-boot-2.5.6.jar:2.5.6]
	at org.springframework.boot.SpringApplication.run(SpringApplication.java:338) ~[spring-boot-2.5.6.jar:2.5.6]
	at org.springframework.boot.SpringApplication.run(SpringApplication.java:1343) ~[spring-boot-2.5.6.jar:2.5.6]
	at org.springframework.boot.SpringApplication.run(SpringApplication.java:1332) ~[spring-boot-2.5.6.jar:2.5.6]
	at com.example.RecruitmentManagmentSystemApplication.main(RecruitmentManagmentSystemApplication.java:52) ~[classes/:na]
	at sun.reflect.NativeMethodAccessorImpl.invoke0(Native Method) ~[na:1.8.0_77]
	at sun.reflect.NativeMethodAccessorImpl.invoke(NativeMethodAccessorImpl.java:62) ~[na:1.8.0_77]
	at sun.reflect.DelegatingMethodAccessorImpl.invoke(DelegatingMethodAccessorImpl.java:43) ~[na:1.8.0_77]
	at java.lang.reflect.Method.invoke(Method.java:498) ~[na:1.8.0_77]
	at org.springframework.boot.devtools.restart.RestartLauncher.run(RestartLauncher.java:49) ~[spring-boot-devtools-2.5.6.jar:2.5.6]
Caused by: java.sql.SQLSyntaxErrorException: La table 'recruitment.questionnaire' n'existe pas
	at com.mysql.cj.jdbc.exceptions.SQLError.createSQLException(SQLError.java:120) ~[mysql-connector-java-8.0.27.jar:8.0.27]
	at com.mysql.cj.jdbc.exceptions.SQLExceptionsMapping.translateException(SQLExceptionsMapping.java:122) ~[mysql-connector-java-8.0.27.jar:8.0.27]
	at com.mysql.cj.jdbc.StatementImpl.executeInternal(StatementImpl.java:768) ~[mysql-connector-java-8.0.27.jar:8.0.27]
	at com.mysql.cj.jdbc.StatementImpl.execute(StatementImpl.java:653) ~[mysql-connector-java-8.0.27.jar:8.0.27]
	at com.zaxxer.hikari.pool.ProxyStatement.execute(ProxyStatement.java:94) ~[HikariCP-4.0.3.jar:na]
	at com.zaxxer.hikari.pool.HikariProxyStatement.execute(HikariProxyStatement.java) ~[HikariCP-4.0.3.jar:na]
	at org.hibernate.tool.schema.internal.exec.GenerationTargetToDatabase.accept(GenerationTargetToDatabase.java:54) ~[hibernate-core-5.4.32.Final.jar:5.4.32.Final]
	... 40 common frames omitted

2021-12-24 17:06:21.493  WARN 9536 --- [restartedMain] o.h.t.s.i.ExceptionHandlerLoggedImpl     : GenerationTarget encountered exception accepting command : Error executing DDL "alter table user drop foreign key FK2xy5nulvty7anu7svqyskyu1r" via JDBC Statement

org.hibernate.tool.schema.spi.CommandAcceptanceException: Error executing DDL "alter table user drop foreign key FK2xy5nulvty7anu7svqyskyu1r" via JDBC Statement
	at org.hibernate.tool.schema.internal.exec.GenerationTargetToDatabase.accept(GenerationTargetToDatabase.java:67) ~[hibernate-core-5.4.32.Final.jar:5.4.32.Final]
	at org.hibernate.tool.schema.internal.SchemaDropperImpl.applySqlString(SchemaDropperImpl.java:375) [hibernate-core-5.4.32.Final.jar:5.4.32.Final]
	at org.hibernate.tool.schema.internal.SchemaDropperImpl.applySqlStrings(SchemaDropperImpl.java:359) [hibernate-core-5.4.32.Final.jar:5.4.32.Final]
	at org.hibernate.tool.schema.internal.SchemaDropperImpl.applyConstraintDropping(SchemaDropperImpl.java:331) [hibernate-core-5.4.32.Final.jar:5.4.32.Final]
	at org.hibernate.tool.schema.internal.SchemaDropperImpl.dropFromMetadata(SchemaDropperImpl.java:230) [hibernate-core-5.4.32.Final.jar:5.4.32.Final]
	at org.hibernate.tool.schema.internal.SchemaDropperImpl.performDrop(SchemaDropperImpl.java:154) [hibernate-core-5.4.32.Final.jar:5.4.32.Final]
	at org.hibernate.tool.schema.internal.SchemaDropperImpl.doDrop(SchemaDropperImpl.java:126) [hibernate-core-5.4.32.Final.jar:5.4.32.Final]
	at org.hibernate.tool.schema.internal.SchemaDropperImpl.doDrop(SchemaDropperImpl.java:112) [hibernate-core-5.4.32.Final.jar:5.4.32.Final]
	at org.hibernate.tool.schema.spi.SchemaManagementToolCoordinator.performDatabaseAction(SchemaManagementToolCoordinator.java:145) [hibernate-core-5.4.32.Final.jar:5.4.32.Final]
	at org.hibernate.tool.schema.spi.SchemaManagementToolCoordinator.process(SchemaManagementToolCoordinator.java:73) [hibernate-core-5.4.32.Final.jar:5.4.32.Final]
	at org.hibernate.internal.SessionFactoryImpl.<init>(SessionFactoryImpl.java:318) [hibernate-core-5.4.32.Final.jar:5.4.32.Final]
	at org.hibernate.boot.internal.SessionFactoryBuilderImpl.build(SessionFactoryBuilderImpl.java:468) [hibernate-core-5.4.32.Final.jar:5.4.32.Final]
	at org.hibernate.jpa.boot.internal.EntityManagerFactoryBuilderImpl.build(EntityManagerFactoryBuilderImpl.java:1259) [hibernate-core-5.4.32.Final.jar:5.4.32.Final]
	at org.springframework.orm.jpa.vendor.SpringHibernateJpaPersistenceProvider.createContainerEntityManagerFactory(SpringHibernateJpaPersistenceProvider.java:58) [spring-orm-5.3.12.jar:5.3.12]
	at org.springframework.orm.jpa.LocalContainerEntityManagerFactoryBean.createNativeEntityManagerFactory(LocalContainerEntityManagerFactoryBean.java:365) [spring-orm-5.3.12.jar:5.3.12]
	at org.springframework.orm.jpa.AbstractEntityManagerFactoryBean.buildNativeEntityManagerFactory(AbstractEntityManagerFactoryBean.java:409) [spring-orm-5.3.12.jar:5.3.12]
	at org.springframework.orm.jpa.AbstractEntityManagerFactoryBean.afterPropertiesSet(AbstractEntityManagerFactoryBean.java:396) [spring-orm-5.3.12.jar:5.3.12]
	at org.springframework.orm.jpa.LocalContainerEntityManagerFactoryBean.afterPropertiesSet(LocalContainerEntityManagerFactoryBean.java:341) [spring-orm-5.3.12.jar:5.3.12]
	at org.springframework.beans.factory.support.AbstractAutowireCapableBeanFactory.invokeInitMethods(AbstractAutowireCapableBeanFactory.java:1863) [spring-beans-5.3.12.jar:5.3.12]
	at org.springframework.beans.factory.support.AbstractAutowireCapableBeanFactory.initializeBean(AbstractAutowireCapableBeanFactory.java:1800) [spring-beans-5.3.12.jar:5.3.12]
	at org.springframework.beans.factory.support.AbstractAutowireCapableBeanFactory.doCreateBean(AbstractAutowireCapableBeanFactory.java:620) [spring-beans-5.3.12.jar:5.3.12]
	at org.springframework.beans.factory.support.AbstractAutowireCapableBeanFactory.createBean(AbstractAutowireCapableBeanFactory.java:542) [spring-beans-5.3.12.jar:5.3.12]
	at org.springframework.beans.factory.support.AbstractBeanFactory.lambda$doGetBean$0(AbstractBeanFactory.java:335) [spring-beans-5.3.12.jar:5.3.12]
	at org.springframework.beans.factory.support.DefaultSingletonBeanRegistry.getSingleton(DefaultSingletonBeanRegistry.java:234) ~[spring-beans-5.3.12.jar:5.3.12]
	at org.springframework.beans.factory.support.AbstractBeanFactory.doGetBean(AbstractBeanFactory.java:333) [spring-beans-5.3.12.jar:5.3.12]
	at org.springframework.beans.factory.support.AbstractBeanFactory.getBean(AbstractBeanFactory.java:208) [spring-beans-5.3.12.jar:5.3.12]
	at org.springframework.context.support.AbstractApplicationContext.getBean(AbstractApplicationContext.java:1154) ~[spring-context-5.3.12.jar:5.3.12]
	at org.springframework.context.support.AbstractApplicationContext.finishBeanFactoryInitialization(AbstractApplicationContext.java:908) ~[spring-context-5.3.12.jar:5.3.12]
	at org.springframework.context.support.AbstractApplicationContext.refresh(AbstractApplicationContext.java:583) ~[spring-context-5.3.12.jar:5.3.12]
	at org.springframework.boot.web.servlet.context.ServletWebServerApplicationContext.refresh(ServletWebServerApplicationContext.java:145) ~[spring-boot-2.5.6.jar:2.5.6]
	at org.springframework.boot.SpringApplication.refresh(SpringApplication.java:754) ~[spring-boot-2.5.6.jar:2.5.6]
	at org.springframework.boot.SpringApplication.refreshContext(SpringApplication.java:434) ~[spring-boot-2.5.6.jar:2.5.6]
	at org.springframework.boot.SpringApplication.run(SpringApplication.java:338) ~[spring-boot-2.5.6.jar:2.5.6]
	at org.springframework.boot.SpringApplication.run(SpringApplication.java:1343) ~[spring-boot-2.5.6.jar:2.5.6]
	at org.springframework.boot.SpringApplication.run(SpringApplication.java:1332) ~[spring-boot-2.5.6.jar:2.5.6]
	at com.example.RecruitmentManagmentSystemApplication.main(RecruitmentManagmentSystemApplication.java:52) ~[classes/:na]
	at sun.reflect.NativeMethodAccessorImpl.invoke0(Native Method) ~[na:1.8.0_77]
	at sun.reflect.NativeMethodAccessorImpl.invoke(NativeMethodAccessorImpl.java:62) ~[na:1.8.0_77]
	at sun.reflect.DelegatingMethodAccessorImpl.invoke(DelegatingMethodAccessorImpl.java:43) ~[na:1.8.0_77]
	at java.lang.reflect.Method.invoke(Method.java:498) ~[na:1.8.0_77]
	at org.springframework.boot.devtools.restart.RestartLauncher.run(RestartLauncher.java:49) ~[spring-boot-devtools-2.5.6.jar:2.5.6]
Caused by: java.sql.SQLSyntaxErrorException: La table 'recruitment.user' n'existe pas
	at com.mysql.cj.jdbc.exceptions.SQLError.createSQLException(SQLError.java:120) ~[mysql-connector-java-8.0.27.jar:8.0.27]
	at com.mysql.cj.jdbc.exceptions.SQLExceptionsMapping.translateException(SQLExceptionsMapping.java:122) ~[mysql-connector-java-8.0.27.jar:8.0.27]
	at com.mysql.cj.jdbc.StatementImpl.executeInternal(StatementImpl.java:768) ~[mysql-connector-java-8.0.27.jar:8.0.27]
	at com.mysql.cj.jdbc.StatementImpl.execute(StatementImpl.java:653) ~[mysql-connector-java-8.0.27.jar:8.0.27]
	at com.zaxxer.hikari.pool.ProxyStatement.execute(ProxyStatement.java:94) ~[HikariCP-4.0.3.jar:na]
	at com.zaxxer.hikari.pool.HikariProxyStatement.execute(HikariProxyStatement.java) ~[HikariCP-4.0.3.jar:na]
	at org.hibernate.tool.schema.internal.exec.GenerationTargetToDatabase.accept(GenerationTargetToDatabase.java:54) ~[hibernate-core-5.4.32.Final.jar:5.4.32.Final]
	... 40 common frames omitted

2021-12-24 17:06:21.497  WARN 9536 --- [restartedMain] o.h.t.s.i.ExceptionHandlerLoggedImpl     : GenerationTarget encountered exception accepting command : Error executing DDL "alter table users_roles drop foreign key FK3jjx0t0dfqqkg4032k480n5lk" via JDBC Statement

org.hibernate.tool.schema.spi.CommandAcceptanceException: Error executing DDL "alter table users_roles drop foreign key FK3jjx0t0dfqqkg4032k480n5lk" via JDBC Statement
	at org.hibernate.tool.schema.internal.exec.GenerationTargetToDatabase.accept(GenerationTargetToDatabase.java:67) ~[hibernate-core-5.4.32.Final.jar:5.4.32.Final]
	at org.hibernate.tool.schema.internal.SchemaDropperImpl.applySqlString(SchemaDropperImpl.java:375) [hibernate-core-5.4.32.Final.jar:5.4.32.Final]
	at org.hibernate.tool.schema.internal.SchemaDropperImpl.applySqlStrings(SchemaDropperImpl.java:359) [hibernate-core-5.4.32.Final.jar:5.4.32.Final]
	at org.hibernate.tool.schema.internal.SchemaDropperImpl.applyConstraintDropping(SchemaDropperImpl.java:331) [hibernate-core-5.4.32.Final.jar:5.4.32.Final]
	at org.hibernate.tool.schema.internal.SchemaDropperImpl.dropFromMetadata(SchemaDropperImpl.java:230) [hibernate-core-5.4.32.Final.jar:5.4.32.Final]
	at org.hibernate.tool.schema.internal.SchemaDropperImpl.performDrop(SchemaDropperImpl.java:154) [hibernate-core-5.4.32.Final.jar:5.4.32.Final]
	at org.hibernate.tool.schema.internal.SchemaDropperImpl.doDrop(SchemaDropperImpl.java:126) [hibernate-core-5.4.32.Final.jar:5.4.32.Final]
	at org.hibernate.tool.schema.internal.SchemaDropperImpl.doDrop(SchemaDropperImpl.java:112) [hibernate-core-5.4.32.Final.jar:5.4.32.Final]
	at org.hibernate.tool.schema.spi.SchemaManagementToolCoordinator.performDatabaseAction(SchemaManagementToolCoordinator.java:145) [hibernate-core-5.4.32.Final.jar:5.4.32.Final]
	at org.hibernate.tool.schema.spi.SchemaManagementToolCoordinator.process(SchemaManagementToolCoordinator.java:73) [hibernate-core-5.4.32.Final.jar:5.4.32.Final]
	at org.hibernate.internal.SessionFactoryImpl.<init>(SessionFactoryImpl.java:318) [hibernate-core-5.4.32.Final.jar:5.4.32.Final]
	at org.hibernate.boot.internal.SessionFactoryBuilderImpl.build(SessionFactoryBuilderImpl.java:468) [hibernate-core-5.4.32.Final.jar:5.4.32.Final]
	at org.hibernate.jpa.boot.internal.EntityManagerFactoryBuilderImpl.build(EntityManagerFactoryBuilderImpl.java:1259) [hibernate-core-5.4.32.Final.jar:5.4.32.Final]
	at org.springframework.orm.jpa.vendor.SpringHibernateJpaPersistenceProvider.createContainerEntityManagerFactory(SpringHibernateJpaPersistenceProvider.java:58) [spring-orm-5.3.12.jar:5.3.12]
	at org.springframework.orm.jpa.LocalContainerEntityManagerFactoryBean.createNativeEntityManagerFactory(LocalContainerEntityManagerFactoryBean.java:365) [spring-orm-5.3.12.jar:5.3.12]
	at org.springframework.orm.jpa.AbstractEntityManagerFactoryBean.buildNativeEntityManagerFactory(AbstractEntityManagerFactoryBean.java:409) [spring-orm-5.3.12.jar:5.3.12]
	at org.springframework.orm.jpa.AbstractEntityManagerFactoryBean.afterPropertiesSet(AbstractEntityManagerFactoryBean.java:396) [spring-orm-5.3.12.jar:5.3.12]
	at org.springframework.orm.jpa.LocalContainerEntityManagerFactoryBean.afterPropertiesSet(LocalContainerEntityManagerFactoryBean.java:341) [spring-orm-5.3.12.jar:5.3.12]
	at org.springframework.beans.factory.support.AbstractAutowireCapableBeanFactory.invokeInitMethods(AbstractAutowireCapableBeanFactory.java:1863) [spring-beans-5.3.12.jar:5.3.12]
	at org.springframework.beans.factory.support.AbstractAutowireCapableBeanFactory.initializeBean(AbstractAutowireCapableBeanFactory.java:1800) [spring-beans-5.3.12.jar:5.3.12]
	at org.springframework.beans.factory.support.AbstractAutowireCapableBeanFactory.doCreateBean(AbstractAutowireCapableBeanFactory.java:620) [spring-beans-5.3.12.jar:5.3.12]
	at org.springframework.beans.factory.support.AbstractAutowireCapableBeanFactory.createBean(AbstractAutowireCapableBeanFactory.java:542) [spring-beans-5.3.12.jar:5.3.12]
	at org.springframework.beans.factory.support.AbstractBeanFactory.lambda$doGetBean$0(AbstractBeanFactory.java:335) [spring-beans-5.3.12.jar:5.3.12]
	at org.springframework.beans.factory.support.DefaultSingletonBeanRegistry.getSingleton(DefaultSingletonBeanRegistry.java:234) ~[spring-beans-5.3.12.jar:5.3.12]
	at org.springframework.beans.factory.support.AbstractBeanFactory.doGetBean(AbstractBeanFactory.java:333) [spring-beans-5.3.12.jar:5.3.12]
	at org.springframework.beans.factory.support.AbstractBeanFactory.getBean(AbstractBeanFactory.java:208) [spring-beans-5.3.12.jar:5.3.12]
	at org.springframework.context.support.AbstractApplicationContext.getBean(AbstractApplicationContext.java:1154) ~[spring-context-5.3.12.jar:5.3.12]
	at org.springframework.context.support.AbstractApplicationContext.finishBeanFactoryInitialization(AbstractApplicationContext.java:908) ~[spring-context-5.3.12.jar:5.3.12]
	at org.springframework.context.support.AbstractApplicationContext.refresh(AbstractApplicationContext.java:583) ~[spring-context-5.3.12.jar:5.3.12]
	at org.springframework.boot.web.servlet.context.ServletWebServerApplicationContext.refresh(ServletWebServerApplicationContext.java:145) ~[spring-boot-2.5.6.jar:2.5.6]
	at org.springframework.boot.SpringApplication.refresh(SpringApplication.java:754) ~[spring-boot-2.5.6.jar:2.5.6]
	at org.springframework.boot.SpringApplication.refreshContext(SpringApplication.java:434) ~[spring-boot-2.5.6.jar:2.5.6]
	at org.springframework.boot.SpringApplication.run(SpringApplication.java:338) ~[spring-boot-2.5.6.jar:2.5.6]
	at org.springframework.boot.SpringApplication.run(SpringApplication.java:1343) ~[spring-boot-2.5.6.jar:2.5.6]
	at org.springframework.boot.SpringApplication.run(SpringApplication.java:1332) ~[spring-boot-2.5.6.jar:2.5.6]
	at com.example.RecruitmentManagmentSystemApplication.main(RecruitmentManagmentSystemApplication.java:52) ~[classes/:na]
	at sun.reflect.NativeMethodAccessorImpl.invoke0(Native Method) ~[na:1.8.0_77]
	at sun.reflect.NativeMethodAccessorImpl.invoke(NativeMethodAccessorImpl.java:62) ~[na:1.8.0_77]
	at sun.reflect.DelegatingMethodAccessorImpl.invoke(DelegatingMethodAccessorImpl.java:43) ~[na:1.8.0_77]
	at java.lang.reflect.Method.invoke(Method.java:498) ~[na:1.8.0_77]
	at org.springframework.boot.devtools.restart.RestartLauncher.run(RestartLauncher.java:49) ~[spring-boot-devtools-2.5.6.jar:2.5.6]
Caused by: java.sql.SQLSyntaxErrorException: La table 'recruitment.users_roles' n'existe pas
	at com.mysql.cj.jdbc.exceptions.SQLError.createSQLException(SQLError.java:120) ~[mysql-connector-java-8.0.27.jar:8.0.27]
	at com.mysql.cj.jdbc.exceptions.SQLExceptionsMapping.translateException(SQLExceptionsMapping.java:122) ~[mysql-connector-java-8.0.27.jar:8.0.27]
	at com.mysql.cj.jdbc.StatementImpl.executeInternal(StatementImpl.java:768) ~[mysql-connector-java-8.0.27.jar:8.0.27]
	at com.mysql.cj.jdbc.StatementImpl.execute(StatementImpl.java:653) ~[mysql-connector-java-8.0.27.jar:8.0.27]
	at com.zaxxer.hikari.pool.ProxyStatement.execute(ProxyStatement.java:94) ~[HikariCP-4.0.3.jar:na]
	at com.zaxxer.hikari.pool.HikariProxyStatement.execute(HikariProxyStatement.java) ~[HikariCP-4.0.3.jar:na]
	at org.hibernate.tool.schema.internal.exec.GenerationTargetToDatabase.accept(GenerationTargetToDatabase.java:54) ~[hibernate-core-5.4.32.Final.jar:5.4.32.Final]
	... 40 common frames omitted

2021-12-24 17:06:21.500  WARN 9536 --- [restartedMain] o.h.t.s.i.ExceptionHandlerLoggedImpl     : GenerationTarget encountered exception accepting command : Error executing DDL "alter table users_roles drop foreign key FKl0ivkge86pln7h5i75t67pb82" via JDBC Statement

org.hibernate.tool.schema.spi.CommandAcceptanceException: Error executing DDL "alter table users_roles drop foreign key FKl0ivkge86pln7h5i75t67pb82" via JDBC Statement
	at org.hibernate.tool.schema.internal.exec.GenerationTargetToDatabase.accept(GenerationTargetToDatabase.java:67) ~[hibernate-core-5.4.32.Final.jar:5.4.32.Final]
	at org.hibernate.tool.schema.internal.SchemaDropperImpl.applySqlString(SchemaDropperImpl.java:375) [hibernate-core-5.4.32.Final.jar:5.4.32.Final]
	at org.hibernate.tool.schema.internal.SchemaDropperImpl.applySqlStrings(SchemaDropperImpl.java:359) [hibernate-core-5.4.32.Final.jar:5.4.32.Final]
	at org.hibernate.tool.schema.internal.SchemaDropperImpl.applyConstraintDropping(SchemaDropperImpl.java:331) [hibernate-core-5.4.32.Final.jar:5.4.32.Final]
	at org.hibernate.tool.schema.internal.SchemaDropperImpl.dropFromMetadata(SchemaDropperImpl.java:230) [hibernate-core-5.4.32.Final.jar:5.4.32.Final]
	at org.hibernate.tool.schema.internal.SchemaDropperImpl.performDrop(SchemaDropperImpl.java:154) [hibernate-core-5.4.32.Final.jar:5.4.32.Final]
	at org.hibernate.tool.schema.internal.SchemaDropperImpl.doDrop(SchemaDropperImpl.java:126) [hibernate-core-5.4.32.Final.jar:5.4.32.Final]
	at org.hibernate.tool.schema.internal.SchemaDropperImpl.doDrop(SchemaDropperImpl.java:112) [hibernate-core-5.4.32.Final.jar:5.4.32.Final]
	at org.hibernate.tool.schema.spi.SchemaManagementToolCoordinator.performDatabaseAction(SchemaManagementToolCoordinator.java:145) [hibernate-core-5.4.32.Final.jar:5.4.32.Final]
	at org.hibernate.tool.schema.spi.SchemaManagementToolCoordinator.process(SchemaManagementToolCoordinator.java:73) [hibernate-core-5.4.32.Final.jar:5.4.32.Final]
	at org.hibernate.internal.SessionFactoryImpl.<init>(SessionFactoryImpl.java:318) [hibernate-core-5.4.32.Final.jar:5.4.32.Final]
	at org.hibernate.boot.internal.SessionFactoryBuilderImpl.build(SessionFactoryBuilderImpl.java:468) [hibernate-core-5.4.32.Final.jar:5.4.32.Final]
	at org.hibernate.jpa.boot.internal.EntityManagerFactoryBuilderImpl.build(EntityManagerFactoryBuilderImpl.java:1259) [hibernate-core-5.4.32.Final.jar:5.4.32.Final]
	at org.springframework.orm.jpa.vendor.SpringHibernateJpaPersistenceProvider.createContainerEntityManagerFactory(SpringHibernateJpaPersistenceProvider.java:58) [spring-orm-5.3.12.jar:5.3.12]
	at org.springframework.orm.jpa.LocalContainerEntityManagerFactoryBean.createNativeEntityManagerFactory(LocalContainerEntityManagerFactoryBean.java:365) [spring-orm-5.3.12.jar:5.3.12]
	at org.springframework.orm.jpa.AbstractEntityManagerFactoryBean.buildNativeEntityManagerFactory(AbstractEntityManagerFactoryBean.java:409) [spring-orm-5.3.12.jar:5.3.12]
	at org.springframework.orm.jpa.AbstractEntityManagerFactoryBean.afterPropertiesSet(AbstractEntityManagerFactoryBean.java:396) [spring-orm-5.3.12.jar:5.3.12]
	at org.springframework.orm.jpa.LocalContainerEntityManagerFactoryBean.afterPropertiesSet(LocalContainerEntityManagerFactoryBean.java:341) [spring-orm-5.3.12.jar:5.3.12]
	at org.springframework.beans.factory.support.AbstractAutowireCapableBeanFactory.invokeInitMethods(AbstractAutowireCapableBeanFactory.java:1863) [spring-beans-5.3.12.jar:5.3.12]
	at org.springframework.beans.factory.support.AbstractAutowireCapableBeanFactory.initializeBean(AbstractAutowireCapableBeanFactory.java:1800) [spring-beans-5.3.12.jar:5.3.12]
	at org.springframework.beans.factory.support.AbstractAutowireCapableBeanFactory.doCreateBean(AbstractAutowireCapableBeanFactory.java:620) [spring-beans-5.3.12.jar:5.3.12]
	at org.springframework.beans.factory.support.AbstractAutowireCapableBeanFactory.createBean(AbstractAutowireCapableBeanFactory.java:542) [spring-beans-5.3.12.jar:5.3.12]
	at org.springframework.beans.factory.support.AbstractBeanFactory.lambda$doGetBean$0(AbstractBeanFactory.java:335) [spring-beans-5.3.12.jar:5.3.12]
	at org.springframework.beans.factory.support.DefaultSingletonBeanRegistry.getSingleton(DefaultSingletonBeanRegistry.java:234) ~[spring-beans-5.3.12.jar:5.3.12]
	at org.springframework.beans.factory.support.AbstractBeanFactory.doGetBean(AbstractBeanFactory.java:333) [spring-beans-5.3.12.jar:5.3.12]
	at org.springframework.beans.factory.support.AbstractBeanFactory.getBean(AbstractBeanFactory.java:208) [spring-beans-5.3.12.jar:5.3.12]
	at org.springframework.context.support.AbstractApplicationContext.getBean(AbstractApplicationContext.java:1154) ~[spring-context-5.3.12.jar:5.3.12]
	at org.springframework.context.support.AbstractApplicationContext.finishBeanFactoryInitialization(AbstractApplicationContext.java:908) ~[spring-context-5.3.12.jar:5.3.12]
	at org.springframework.context.support.AbstractApplicationContext.refresh(AbstractApplicationContext.java:583) ~[spring-context-5.3.12.jar:5.3.12]
	at org.springframework.boot.web.servlet.context.ServletWebServerApplicationContext.refresh(ServletWebServerApplicationContext.java:145) ~[spring-boot-2.5.6.jar:2.5.6]
	at org.springframework.boot.SpringApplication.refresh(SpringApplication.java:754) ~[spring-boot-2.5.6.jar:2.5.6]
	at org.springframework.boot.SpringApplication.refreshContext(SpringApplication.java:434) ~[spring-boot-2.5.6.jar:2.5.6]
	at org.springframework.boot.SpringApplication.run(SpringApplication.java:338) ~[spring-boot-2.5.6.jar:2.5.6]
	at org.springframework.boot.SpringApplication.run(SpringApplication.java:1343) ~[spring-boot-2.5.6.jar:2.5.6]
	at org.springframework.boot.SpringApplication.run(SpringApplication.java:1332) ~[spring-boot-2.5.6.jar:2.5.6]
	at com.example.RecruitmentManagmentSystemApplication.main(RecruitmentManagmentSystemApplication.java:52) ~[classes/:na]
	at sun.reflect.NativeMethodAccessorImpl.invoke0(Native Method) ~[na:1.8.0_77]
	at sun.reflect.NativeMethodAccessorImpl.invoke(NativeMethodAccessorImpl.java:62) ~[na:1.8.0_77]
	at sun.reflect.DelegatingMethodAccessorImpl.invoke(DelegatingMethodAccessorImpl.java:43) ~[na:1.8.0_77]
	at java.lang.reflect.Method.invoke(Method.java:498) ~[na:1.8.0_77]
	at org.springframework.boot.devtools.restart.RestartLauncher.run(RestartLauncher.java:49) ~[spring-boot-devtools-2.5.6.jar:2.5.6]
Caused by: java.sql.SQLSyntaxErrorException: La table 'recruitment.users_roles' n'existe pas
	at com.mysql.cj.jdbc.exceptions.SQLError.createSQLException(SQLError.java:120) ~[mysql-connector-java-8.0.27.jar:8.0.27]
	at com.mysql.cj.jdbc.exceptions.SQLExceptionsMapping.translateException(SQLExceptionsMapping.java:122) ~[mysql-connector-java-8.0.27.jar:8.0.27]
	at com.mysql.cj.jdbc.StatementImpl.executeInternal(StatementImpl.java:768) ~[mysql-connector-java-8.0.27.jar:8.0.27]
	at com.mysql.cj.jdbc.StatementImpl.execute(StatementImpl.java:653) ~[mysql-connector-java-8.0.27.jar:8.0.27]
	at com.zaxxer.hikari.pool.ProxyStatement.execute(ProxyStatement.java:94) ~[HikariCP-4.0.3.jar:na]
	at com.zaxxer.hikari.pool.HikariProxyStatement.execute(HikariProxyStatement.java) ~[HikariCP-4.0.3.jar:na]
	at org.hibernate.tool.schema.internal.exec.GenerationTargetToDatabase.accept(GenerationTargetToDatabase.java:54) ~[hibernate-core-5.4.32.Final.jar:5.4.32.Final]
	... 40 common frames omitted

2021-12-24 17:06:28.906  INFO 9536 --- [restartedMain] o.h.e.t.j.p.i.JtaPlatformInitiator       : HHH000490: Using JtaPlatform implementation: [org.hibernate.engine.transaction.jta.platform.internal.NoJtaPlatform]
2021-12-24 17:06:28.920  INFO 9536 --- [restartedMain] j.LocalContainerEntityManagerFactoryBean : Initialized JPA EntityManagerFactory for persistence unit 'default'
2021-12-24 17:06:30.064  WARN 9536 --- [restartedMain] JpaBaseConfiguration$JpaWebConfiguration : spring.jpa.open-in-view is enabled by default. Therefore, database queries may be performed during view rendering. Explicitly configure spring.jpa.open-in-view to disable this warning
2021-12-24 17:06:31.890  INFO 9536 --- [restartedMain] o.s.b.d.a.OptionalLiveReloadServer       : LiveReload server is running on port 35729
2021-12-24 17:06:31.943  INFO 9536 --- [restartedMain] o.s.b.w.embedded.tomcat.TomcatWebServer  : Tomcat started on port(s): 3800 (http) with context path ''
2021-12-24 17:06:31.961  INFO 9536 --- [restartedMain] .e.RecruitmentManagmentSystemApplication : Started RecruitmentManagmentSystemApplication in 16.465 seconds (JVM running for 18.175)
2021-12-24 17:09:13.936  INFO 9536 --- [http-nio-3800-exec-1] o.a.c.c.C.[Tomcat].[localhost].[/]       : Initializing Spring DispatcherServlet 'dispatcherServlet'
2021-12-24 17:09:13.937  INFO 9536 --- [http-nio-3800-exec-1] o.s.web.servlet.DispatcherServlet        : Initializing Servlet 'dispatcherServlet'
2021-12-24 17:09:13.939  INFO 9536 --- [http-nio-3800-exec-1] o.s.web.servlet.DispatcherServlet        : Completed initialization in 2 ms
2021-12-24 17:09:27.873  INFO 9536 --- [Thread-6] j.LocalContainerEntityManagerFactoryBean : Closing JPA EntityManagerFactory for persistence unit 'default'
2021-12-24 17:09:27.880  INFO 9536 --- [Thread-6] com.zaxxer.hikari.HikariDataSource       : HikariPool-1 - Shutdown initiated...
2021-12-24 17:09:27.897  INFO 9536 --- [Thread-6] com.zaxxer.hikari.HikariDataSource       : HikariPool-1 - Shutdown completed.
2021-12-24 17:09:28.447  INFO 9536 --- [restartedMain] .e.RecruitmentManagmentSystemApplication : Starting RecruitmentManagmentSystemApplication using Java 1.8.0_77 on DESKTOP-U7FQFVU with PID 9536 (C:\Users\hanin\Desktop\sts-projects-2021\-Recruitment_Managment_System\target\classes started by hanin in C:\Users\hanin\Desktop\sts-projects-2021\-Recruitment_Managment_System)
2021-12-24 17:09:28.448  INFO 9536 --- [restartedMain] .e.RecruitmentManagmentSystemApplication : No active profile set, falling back to default profiles: default
2021-12-24 17:09:29.467  INFO 9536 --- [restartedMain] .s.d.r.c.RepositoryConfigurationDelegate : Bootstrapping Spring Data JPA repositories in DEFAULT mode.
2021-12-24 17:09:29.562  INFO 9536 --- [restartedMain] .s.d.r.c.RepositoryConfigurationDelegate : Finished Spring Data repository scanning in 94 ms. Found 9 JPA repository interfaces.
2021-12-24 17:09:29.840  INFO 9536 --- [restartedMain] o.s.b.w.embedded.tomcat.TomcatWebServer  : Tomcat initialized with port(s): 3800 (http)
2021-12-24 17:09:29.841  INFO 9536 --- [restartedMain] o.apache.catalina.core.StandardService   : Starting service [Tomcat]
2021-12-24 17:09:29.842  INFO 9536 --- [restartedMain] org.apache.catalina.core.StandardEngine  : Starting Servlet engine: [Apache Tomcat/9.0.54]
2021-12-24 17:09:29.868  INFO 9536 --- [restartedMain] o.a.c.c.C.[Tomcat].[localhost].[/]       : Initializing Spring embedded WebApplicationContext
2021-12-24 17:09:29.868  INFO 9536 --- [restartedMain] w.s.c.ServletWebServerApplicationContext : Root WebApplicationContext: initialization completed in 1415 ms
2021-12-24 17:09:29.946  INFO 9536 --- [restartedMain] o.hibernate.jpa.internal.util.LogHelper  : HHH000204: Processing PersistenceUnitInfo [name: default]
2021-12-24 17:09:29.957  INFO 9536 --- [restartedMain] com.zaxxer.hikari.HikariDataSource       : HikariPool-2 - Starting...
2021-12-24 17:09:29.963  INFO 9536 --- [restartedMain] com.zaxxer.hikari.HikariDataSource       : HikariPool-2 - Start completed.
2021-12-24 17:09:29.964  INFO 9536 --- [restartedMain] org.hibernate.dialect.Dialect            : HHH000400: Using dialect: org.hibernate.dialect.MySQL57Dialect
2021-12-24 17:09:39.786  INFO 13892 --- [restartedMain] .e.RecruitmentManagmentSystemApplication : Starting RecruitmentManagmentSystemApplication using Java 1.8.0_77 on DESKTOP-U7FQFVU with PID 13892 (C:\Users\hanin\Desktop\sts-projects-2021\-Recruitment_Managment_System\target\classes started by hanin in C:\Users\hanin\Desktop\sts-projects-2021\-Recruitment_Managment_System)
2021-12-24 17:09:39.788  INFO 13892 --- [restartedMain] .e.RecruitmentManagmentSystemApplication : No active profile set, falling back to default profiles: default
2021-12-24 17:09:39.871  INFO 13892 --- [restartedMain] o.s.b.devtools.restart.ChangeableUrls    : The Class-Path manifest attribute in C:\Users\hanin\.m2\repository\org\glassfish\hk2\hk2\2.6.1\hk2-2.6.1.jar referenced one or more files that do not exist: file:/C:/Users/hanin/.m2/repository/org/glassfish/hk2/hk2/2.6.1/hk2-utils.jar,file:/C:/Users/hanin/.m2/repository/org/glassfish/hk2/hk2/2.6.1/jakarta.annotation-api.jar,file:/C:/Users/hanin/.m2/repository/org/glassfish/hk2/hk2/2.6.1/jakarta.inject.jar,file:/C:/Users/hanin/.m2/repository/org/glassfish/hk2/hk2/2.6.1/hk2-api.jar,file:/C:/Users/hanin/.m2/repository/org/glassfish/hk2/hk2/2.6.1/aopalliance-repackaged.jar,file:/C:/Users/hanin/.m2/repository/org/glassfish/hk2/hk2/2.6.1/hk2-core.jar,file:/C:/Users/hanin/.m2/repository/org/glassfish/hk2/hk2/2.6.1/hk2-locator.jar,file:/C:/Users/hanin/.m2/repository/org/glassfish/hk2/hk2/2.6.1/javassist.jar,file:/C:/Users/hanin/.m2/repository/org/glassfish/hk2/hk2/2.6.1/hk2-runlevel.jar,file:/C:/Users/hanin/.m2/repository/org/glassfish/hk2/hk2/2.6.1/class-model.jar,file:/C:/Users/hanin/.m2/repository/org/glassfish/hk2/hk2/2.6.1/asm.jar,file:/C:/Users/hanin/.m2/repository/org/glassfish/hk2/hk2/2.6.1/asm-analysis.jar,file:/C:/Users/hanin/.m2/repository/org/glassfish/hk2/hk2/2.6.1/asm-commons.jar,file:/C:/Users/hanin/.m2/repository/org/glassfish/hk2/hk2/2.6.1/asm-tree.jar,file:/C:/Users/hanin/.m2/repository/org/glassfish/hk2/hk2/2.6.1/asm-util.jar
2021-12-24 17:09:39.872  INFO 13892 --- [restartedMain] .e.DevToolsPropertyDefaultsPostProcessor : Devtools property defaults active! Set 'spring.devtools.add-properties' to 'false' to disable
2021-12-24 17:09:39.872  INFO 13892 --- [restartedMain] .e.DevToolsPropertyDefaultsPostProcessor : For additional web related logging consider setting the 'logging.level.web' property to 'DEBUG'
2021-12-24 17:09:41.244  INFO 13892 --- [restartedMain] .s.d.r.c.RepositoryConfigurationDelegate : Bootstrapping Spring Data JPA repositories in DEFAULT mode.
2021-12-24 17:09:41.443  INFO 13892 --- [restartedMain] .s.d.r.c.RepositoryConfigurationDelegate : Finished Spring Data repository scanning in 178 ms. Found 9 JPA repository interfaces.
2021-12-24 17:09:42.668  INFO 13892 --- [restartedMain] o.s.b.w.embedded.tomcat.TomcatWebServer  : Tomcat initialized with port(s): 3800 (http)
2021-12-24 17:09:42.684  INFO 13892 --- [restartedMain] o.apache.catalina.core.StandardService   : Starting service [Tomcat]
2021-12-24 17:09:42.684  INFO 13892 --- [restartedMain] org.apache.catalina.core.StandardEngine  : Starting Servlet engine: [Apache Tomcat/9.0.54]
2021-12-24 17:09:43.018  INFO 13892 --- [restartedMain] o.a.c.c.C.[Tomcat].[localhost].[/]       : Initializing Spring embedded WebApplicationContext
2021-12-24 17:09:43.018  INFO 13892 --- [restartedMain] w.s.c.ServletWebServerApplicationContext : Root WebApplicationContext: initialization completed in 3144 ms
2021-12-24 17:09:43.552  INFO 13892 --- [restartedMain] o.hibernate.jpa.internal.util.LogHelper  : HHH000204: Processing PersistenceUnitInfo [name: default]
2021-12-24 17:09:43.628  INFO 13892 --- [restartedMain] org.hibernate.Version                    : HHH000412: Hibernate ORM core version 5.4.32.Final
2021-12-24 17:09:43.978  INFO 13892 --- [restartedMain] o.hibernate.annotations.common.Version   : HCANN000001: Hibernate Commons Annotations {5.1.2.Final}
2021-12-24 17:09:44.170  INFO 13892 --- [restartedMain] com.zaxxer.hikari.HikariDataSource       : HikariPool-1 - Starting...
2021-12-24 17:09:44.414  INFO 13892 --- [restartedMain] com.zaxxer.hikari.HikariDataSource       : HikariPool-1 - Start completed.
2021-12-24 17:09:44.439  INFO 13892 --- [restartedMain] org.hibernate.dialect.Dialect            : HHH000400: Using dialect: org.hibernate.dialect.MySQL57Dialect
2021-12-24 17:09:54.447  INFO 13892 --- [restartedMain] o.h.e.t.j.p.i.JtaPlatformInitiator       : HHH000490: Using JtaPlatform implementation: [org.hibernate.engine.transaction.jta.platform.internal.NoJtaPlatform]
2021-12-24 17:09:54.465  INFO 13892 --- [restartedMain] j.LocalContainerEntityManagerFactoryBean : Initialized JPA EntityManagerFactory for persistence unit 'default'
2021-12-24 17:09:55.423  WARN 13892 --- [restartedMain] JpaBaseConfiguration$JpaWebConfiguration : spring.jpa.open-in-view is enabled by default. Therefore, database queries may be performed during view rendering. Explicitly configure spring.jpa.open-in-view to disable this warning
2021-12-24 17:09:56.811  INFO 13892 --- [restartedMain] o.s.b.d.a.OptionalLiveReloadServer       : LiveReload server is running on port 35729
2021-12-24 17:09:56.865  INFO 13892 --- [restartedMain] o.s.b.w.embedded.tomcat.TomcatWebServer  : Tomcat started on port(s): 3800 (http) with context path ''
2021-12-24 17:09:56.879  INFO 13892 --- [restartedMain] .e.RecruitmentManagmentSystemApplication : Started RecruitmentManagmentSystemApplication in 17.752 seconds (JVM running for 19.686)
2021-12-24 17:10:54.716  INFO 13892 --- [http-nio-3800-exec-1] o.a.c.c.C.[Tomcat].[localhost].[/]       : Initializing Spring DispatcherServlet 'dispatcherServlet'
2021-12-24 17:10:54.717  INFO 13892 --- [http-nio-3800-exec-1] o.s.web.servlet.DispatcherServlet        : Initializing Servlet 'dispatcherServlet'
2021-12-24 17:10:54.719  INFO 13892 --- [http-nio-3800-exec-1] o.s.web.servlet.DispatcherServlet        : Completed initialization in 2 ms
