2021-12-31 01:31:37.171  INFO 5488 --- [restartedMain] .e.RecruitmentManagmentSystemApplication : Starting RecruitmentManagmentSystemApplication using Java 1.8.0_251 on DESKTOP-IUEN8B6 with PID 5488 (C:\Users\Nour\Desktop\Projet_BackFront\-Recruitment_Managment_System\BackEndSpringBoot\target\classes started by Nour in C:\Users\Nour\Desktop\Projet_BackFront\-Recruitment_Managment_System\BackEndSpringBoot)
2021-12-31 01:31:37.182  INFO 5488 --- [restartedMain] .e.RecruitmentManagmentSystemApplication : No active profile set, falling back to default profiles: default
2021-12-31 01:31:37.368  INFO 5488 --- [restartedMain] o.s.b.devtools.restart.ChangeableUrls    : The Class-Path manifest attribute in C:\Users\Nour\.m2\repository\org\glassfish\hk2\hk2\2.6.1\hk2-2.6.1.jar referenced one or more files that do not exist: file:/C:/Users/Nour/.m2/repository/org/glassfish/hk2/hk2/2.6.1/hk2-utils.jar,file:/C:/Users/Nour/.m2/repository/org/glassfish/hk2/hk2/2.6.1/jakarta.annotation-api.jar,file:/C:/Users/Nour/.m2/repository/org/glassfish/hk2/hk2/2.6.1/jakarta.inject.jar,file:/C:/Users/Nour/.m2/repository/org/glassfish/hk2/hk2/2.6.1/hk2-api.jar,file:/C:/Users/Nour/.m2/repository/org/glassfish/hk2/hk2/2.6.1/aopalliance-repackaged.jar,file:/C:/Users/Nour/.m2/repository/org/glassfish/hk2/hk2/2.6.1/hk2-core.jar,file:/C:/Users/Nour/.m2/repository/org/glassfish/hk2/hk2/2.6.1/hk2-locator.jar,file:/C:/Users/Nour/.m2/repository/org/glassfish/hk2/hk2/2.6.1/javassist.jar,file:/C:/Users/Nour/.m2/repository/org/glassfish/hk2/hk2/2.6.1/hk2-runlevel.jar,file:/C:/Users/Nour/.m2/repository/org/glassfish/hk2/hk2/2.6.1/class-model.jar,file:/C:/Users/Nour/.m2/repository/org/glassfish/hk2/hk2/2.6.1/asm.jar,file:/C:/Users/Nour/.m2/repository/org/glassfish/hk2/hk2/2.6.1/asm-analysis.jar,file:/C:/Users/Nour/.m2/repository/org/glassfish/hk2/hk2/2.6.1/asm-commons.jar,file:/C:/Users/Nour/.m2/repository/org/glassfish/hk2/hk2/2.6.1/asm-tree.jar,file:/C:/Users/Nour/.m2/repository/org/glassfish/hk2/hk2/2.6.1/asm-util.jar
2021-12-31 01:31:37.369  INFO 5488 --- [restartedMain] .e.DevToolsPropertyDefaultsPostProcessor : Devtools property defaults active! Set 'spring.devtools.add-properties' to 'false' to disable
2021-12-31 01:31:37.369  INFO 5488 --- [restartedMain] .e.DevToolsPropertyDefaultsPostProcessor : For additional web related logging consider setting the 'logging.level.web' property to 'DEBUG'
2021-12-31 01:31:40.209  INFO 5488 --- [restartedMain] .s.d.r.c.RepositoryConfigurationDelegate : Bootstrapping Spring Data JPA repositories in DEFAULT mode.
2021-12-31 01:31:40.588  INFO 5488 --- [restartedMain] .s.d.r.c.RepositoryConfigurationDelegate : Finished Spring Data repository scanning in 360 ms. Found 10 JPA repository interfaces.
2021-12-31 01:31:41.855  INFO 5488 --- [restartedMain] trationDelegate$BeanPostProcessorChecker : Bean 'org.springframework.security.access.expression.method.DefaultMethodSecurityExpressionHandler@6d81f5ed' of type [org.springframework.security.access.expression.method.DefaultMethodSecurityExpressionHandler] is not eligible for getting processed by all BeanPostProcessors (for example: not eligible for auto-proxying)
2021-12-31 01:31:41.877  INFO 5488 --- [restartedMain] trationDelegate$BeanPostProcessorChecker : Bean 'methodSecurityMetadataSource' of type [org.springframework.security.access.method.DelegatingMethodSecurityMetadataSource] is not eligible for getting processed by all BeanPostProcessors (for example: not eligible for auto-proxying)
2021-12-31 01:31:42.841  INFO 5488 --- [restartedMain] o.s.b.w.embedded.tomcat.TomcatWebServer  : Tomcat initialized with port(s): 3800 (http)
2021-12-31 01:31:42.861  INFO 5488 --- [restartedMain] o.apache.catalina.core.StandardService   : Starting service [Tomcat]
2021-12-31 01:31:42.865  INFO 5488 --- [restartedMain] org.apache.catalina.core.StandardEngine  : Starting Servlet engine: [Apache Tomcat/9.0.54]
2021-12-31 01:31:43.267  INFO 5488 --- [restartedMain] o.a.c.c.C.[Tomcat].[localhost].[/]       : Initializing Spring embedded WebApplicationContext
2021-12-31 01:31:43.268  INFO 5488 --- [restartedMain] w.s.c.ServletWebServerApplicationContext : Root WebApplicationContext: initialization completed in 5898 ms
2021-12-31 01:31:44.914  INFO 5488 --- [restartedMain] o.hibernate.jpa.internal.util.LogHelper  : HHH000204: Processing PersistenceUnitInfo [name: default]
2021-12-31 01:31:45.219  INFO 5488 --- [restartedMain] org.hibernate.Version                    : HHH000412: Hibernate ORM core version 5.4.32.Final
2021-12-31 01:31:45.565  INFO 5488 --- [restartedMain] o.hibernate.annotations.common.Version   : HCANN000001: Hibernate Commons Annotations {5.1.2.Final}
2021-12-31 01:31:45.818  INFO 5488 --- [restartedMain] com.zaxxer.hikari.HikariDataSource       : HikariPool-1 - Starting...
2021-12-31 01:31:46.159  INFO 5488 --- [restartedMain] com.zaxxer.hikari.HikariDataSource       : HikariPool-1 - Start completed.
2021-12-31 01:31:46.201  INFO 5488 --- [restartedMain] org.hibernate.dialect.Dialect            : HHH000400: Using dialect: org.hibernate.dialect.MySQL55Dialect
2021-12-31 01:31:49.930  INFO 5488 --- [restartedMain] o.h.e.t.j.p.i.JtaPlatformInitiator       : HHH000490: Using JtaPlatform implementation: [org.hibernate.engine.transaction.jta.platform.internal.NoJtaPlatform]
2021-12-31 01:31:49.957  INFO 5488 --- [restartedMain] j.LocalContainerEntityManagerFactoryBean : Initialized JPA EntityManagerFactory for persistence unit 'default'
2021-12-31 01:31:53.136  WARN 5488 --- [restartedMain] JpaBaseConfiguration$JpaWebConfiguration : spring.jpa.open-in-view is enabled by default. Therefore, database queries may be performed during view rendering. Explicitly configure spring.jpa.open-in-view to disable this warning
2021-12-31 01:31:54.775  INFO 5488 --- [restartedMain] o.s.s.web.DefaultSecurityFilterChain     : Will secure any request with [org.springframework.security.web.context.request.async.WebAsyncManagerIntegrationFilter@2da35482, org.springframework.security.web.context.SecurityContextPersistenceFilter@22c969a3, org.springframework.security.web.header.HeaderWriterFilter@4347ee14, org.springframework.security.web.authentication.logout.LogoutFilter@254de624, com.example.security.JWTAuthorizationFiler@59eb123e, com.example.security.JWTAuthenticationFilter@37c8b56b, org.springframework.security.web.savedrequest.RequestCacheAwareFilter@55cee595, org.springframework.security.web.servletapi.SecurityContextHolderAwareRequestFilter@19b58819, org.springframework.security.web.authentication.AnonymousAuthenticationFilter@41738ad6, org.springframework.security.web.session.SessionManagementFilter@1e4cb805, org.springframework.security.web.access.ExceptionTranslationFilter@50dedd9e, org.springframework.security.web.access.intercept.FilterSecurityInterceptor@240ed6a7]
2021-12-31 01:31:58.269  WARN 5488 --- [restartedMain] ion$DefaultTemplateResolverConfiguration : Cannot find template location: classpath:/templates/ (please add some templates or check your Thymeleaf configuration)
2021-12-31 01:32:00.018  INFO 5488 --- [restartedMain] o.s.b.d.a.OptionalLiveReloadServer       : LiveReload server is running on port 35729
2021-12-31 01:32:00.163  INFO 5488 --- [restartedMain] o.s.b.w.embedded.tomcat.TomcatWebServer  : Tomcat started on port(s): 3800 (http) with context path ''
2021-12-31 01:32:00.195  INFO 5488 --- [restartedMain] .e.RecruitmentManagmentSystemApplication : Started RecruitmentManagmentSystemApplication in 23.99 seconds (JVM running for 26.929)
2021-12-31 01:32:27.100  INFO 5488 --- [http-nio-3800-exec-1] o.a.c.c.C.[Tomcat].[localhost].[/]       : Initializing Spring DispatcherServlet 'dispatcherServlet'
2021-12-31 01:32:27.103  INFO 5488 --- [http-nio-3800-exec-1] o.s.web.servlet.DispatcherServlet        : Initializing Servlet 'dispatcherServlet'
2021-12-31 01:32:27.106  INFO 5488 --- [http-nio-3800-exec-1] o.s.web.servlet.DispatcherServlet        : Completed initialization in 3 ms
2021-12-31 12:35:06.828  WARN 5488 --- [HikariPool-1 housekeeper] com.zaxxer.hikari.pool.HikariPool        : HikariPool-1 - Thread starvation or clock leap detected (housekeeper delta=9h11m27s586ms928µs800ns).
2021-12-31 12:46:59.709  INFO 19820 --- [restartedMain] .e.RecruitmentManagmentSystemApplication : Starting RecruitmentManagmentSystemApplication using Java 1.8.0_251 on DESKTOP-IUEN8B6 with PID 19820 (C:\Users\Nour\Desktop\Projet_BackFront\-Recruitment_Managment_System\BackEndSpringBoot\target\classes started by Nour in C:\Users\Nour\Desktop\Projet_BackFront\-Recruitment_Managment_System\BackEndSpringBoot)
2021-12-31 12:46:59.712  INFO 19820 --- [restartedMain] .e.RecruitmentManagmentSystemApplication : No active profile set, falling back to default profiles: default
2021-12-31 12:46:59.854  INFO 19820 --- [restartedMain] o.s.b.devtools.restart.ChangeableUrls    : The Class-Path manifest attribute in C:\Users\Nour\.m2\repository\org\glassfish\hk2\hk2\2.6.1\hk2-2.6.1.jar referenced one or more files that do not exist: file:/C:/Users/Nour/.m2/repository/org/glassfish/hk2/hk2/2.6.1/hk2-utils.jar,file:/C:/Users/Nour/.m2/repository/org/glassfish/hk2/hk2/2.6.1/jakarta.annotation-api.jar,file:/C:/Users/Nour/.m2/repository/org/glassfish/hk2/hk2/2.6.1/jakarta.inject.jar,file:/C:/Users/Nour/.m2/repository/org/glassfish/hk2/hk2/2.6.1/hk2-api.jar,file:/C:/Users/Nour/.m2/repository/org/glassfish/hk2/hk2/2.6.1/aopalliance-repackaged.jar,file:/C:/Users/Nour/.m2/repository/org/glassfish/hk2/hk2/2.6.1/hk2-core.jar,file:/C:/Users/Nour/.m2/repository/org/glassfish/hk2/hk2/2.6.1/hk2-locator.jar,file:/C:/Users/Nour/.m2/repository/org/glassfish/hk2/hk2/2.6.1/javassist.jar,file:/C:/Users/Nour/.m2/repository/org/glassfish/hk2/hk2/2.6.1/hk2-runlevel.jar,file:/C:/Users/Nour/.m2/repository/org/glassfish/hk2/hk2/2.6.1/class-model.jar,file:/C:/Users/Nour/.m2/repository/org/glassfish/hk2/hk2/2.6.1/asm.jar,file:/C:/Users/Nour/.m2/repository/org/glassfish/hk2/hk2/2.6.1/asm-analysis.jar,file:/C:/Users/Nour/.m2/repository/org/glassfish/hk2/hk2/2.6.1/asm-commons.jar,file:/C:/Users/Nour/.m2/repository/org/glassfish/hk2/hk2/2.6.1/asm-tree.jar,file:/C:/Users/Nour/.m2/repository/org/glassfish/hk2/hk2/2.6.1/asm-util.jar
2021-12-31 12:46:59.854  INFO 19820 --- [restartedMain] .e.DevToolsPropertyDefaultsPostProcessor : Devtools property defaults active! Set 'spring.devtools.add-properties' to 'false' to disable
2021-12-31 12:46:59.855  INFO 19820 --- [restartedMain] .e.DevToolsPropertyDefaultsPostProcessor : For additional web related logging consider setting the 'logging.level.web' property to 'DEBUG'
2021-12-31 12:47:04.009  INFO 19820 --- [restartedMain] .s.d.r.c.RepositoryConfigurationDelegate : Bootstrapping Spring Data JPA repositories in DEFAULT mode.
2021-12-31 12:47:04.324  INFO 19820 --- [restartedMain] .s.d.r.c.RepositoryConfigurationDelegate : Finished Spring Data repository scanning in 294 ms. Found 10 JPA repository interfaces.
2021-12-31 12:47:06.480  INFO 19820 --- [restartedMain] trationDelegate$BeanPostProcessorChecker : Bean 'org.springframework.security.access.expression.method.DefaultMethodSecurityExpressionHandler@16236ab6' of type [org.springframework.security.access.expression.method.DefaultMethodSecurityExpressionHandler] is not eligible for getting processed by all BeanPostProcessors (for example: not eligible for auto-proxying)
2021-12-31 12:47:06.893  INFO 19820 --- [restartedMain] trationDelegate$BeanPostProcessorChecker : Bean 'methodSecurityMetadataSource' of type [org.springframework.security.access.method.DelegatingMethodSecurityMetadataSource] is not eligible for getting processed by all BeanPostProcessors (for example: not eligible for auto-proxying)
2021-12-31 12:47:10.297  INFO 5488 --- [RMI TCP Connection(2)-127.0.0.1] inMXBeanRegistrar$SpringApplicationAdmin : Application shutdown requested.
2021-12-31 12:47:11.492  INFO 5488 --- [RMI TCP Connection(2)-127.0.0.1] j.LocalContainerEntityManagerFactoryBean : Closing JPA EntityManagerFactory for persistence unit 'default'
2021-12-31 12:47:11.559  INFO 5488 --- [RMI TCP Connection(2)-127.0.0.1] com.zaxxer.hikari.HikariDataSource       : HikariPool-1 - Shutdown initiated...
2021-12-31 12:47:11.578  INFO 5488 --- [RMI TCP Connection(2)-127.0.0.1] com.zaxxer.hikari.HikariDataSource       : HikariPool-1 - Shutdown completed.
2021-12-31 12:47:26.388  INFO 11628 --- [restartedMain] .e.RecruitmentManagmentSystemApplication : Starting RecruitmentManagmentSystemApplication using Java 1.8.0_251 on DESKTOP-IUEN8B6 with PID 11628 (C:\Users\Nour\Desktop\Projet_BackFront\-Recruitment_Managment_System\BackEndSpringBoot\target\classes started by Nour in C:\Users\Nour\Desktop\Projet_BackFront\-Recruitment_Managment_System\BackEndSpringBoot)
2021-12-31 12:47:26.390  INFO 11628 --- [restartedMain] .e.RecruitmentManagmentSystemApplication : No active profile set, falling back to default profiles: default
2021-12-31 12:47:26.519  INFO 11628 --- [restartedMain] o.s.b.devtools.restart.ChangeableUrls    : The Class-Path manifest attribute in C:\Users\Nour\.m2\repository\org\glassfish\hk2\hk2\2.6.1\hk2-2.6.1.jar referenced one or more files that do not exist: file:/C:/Users/Nour/.m2/repository/org/glassfish/hk2/hk2/2.6.1/hk2-utils.jar,file:/C:/Users/Nour/.m2/repository/org/glassfish/hk2/hk2/2.6.1/jakarta.annotation-api.jar,file:/C:/Users/Nour/.m2/repository/org/glassfish/hk2/hk2/2.6.1/jakarta.inject.jar,file:/C:/Users/Nour/.m2/repository/org/glassfish/hk2/hk2/2.6.1/hk2-api.jar,file:/C:/Users/Nour/.m2/repository/org/glassfish/hk2/hk2/2.6.1/aopalliance-repackaged.jar,file:/C:/Users/Nour/.m2/repository/org/glassfish/hk2/hk2/2.6.1/hk2-core.jar,file:/C:/Users/Nour/.m2/repository/org/glassfish/hk2/hk2/2.6.1/hk2-locator.jar,file:/C:/Users/Nour/.m2/repository/org/glassfish/hk2/hk2/2.6.1/javassist.jar,file:/C:/Users/Nour/.m2/repository/org/glassfish/hk2/hk2/2.6.1/hk2-runlevel.jar,file:/C:/Users/Nour/.m2/repository/org/glassfish/hk2/hk2/2.6.1/class-model.jar,file:/C:/Users/Nour/.m2/repository/org/glassfish/hk2/hk2/2.6.1/asm.jar,file:/C:/Users/Nour/.m2/repository/org/glassfish/hk2/hk2/2.6.1/asm-analysis.jar,file:/C:/Users/Nour/.m2/repository/org/glassfish/hk2/hk2/2.6.1/asm-commons.jar,file:/C:/Users/Nour/.m2/repository/org/glassfish/hk2/hk2/2.6.1/asm-tree.jar,file:/C:/Users/Nour/.m2/repository/org/glassfish/hk2/hk2/2.6.1/asm-util.jar
2021-12-31 12:47:26.520  INFO 11628 --- [restartedMain] .e.DevToolsPropertyDefaultsPostProcessor : Devtools property defaults active! Set 'spring.devtools.add-properties' to 'false' to disable
2021-12-31 12:47:26.521  INFO 11628 --- [restartedMain] .e.DevToolsPropertyDefaultsPostProcessor : For additional web related logging consider setting the 'logging.level.web' property to 'DEBUG'
2021-12-31 12:47:29.695  INFO 11628 --- [restartedMain] .s.d.r.c.RepositoryConfigurationDelegate : Bootstrapping Spring Data JPA repositories in DEFAULT mode.
2021-12-31 12:47:30.082  INFO 11628 --- [restartedMain] .s.d.r.c.RepositoryConfigurationDelegate : Finished Spring Data repository scanning in 364 ms. Found 10 JPA repository interfaces.
2021-12-31 12:47:31.451  INFO 11628 --- [restartedMain] trationDelegate$BeanPostProcessorChecker : Bean 'org.springframework.security.access.expression.method.DefaultMethodSecurityExpressionHandler@3247afae' of type [org.springframework.security.access.expression.method.DefaultMethodSecurityExpressionHandler] is not eligible for getting processed by all BeanPostProcessors (for example: not eligible for auto-proxying)
2021-12-31 12:47:31.476  INFO 11628 --- [restartedMain] trationDelegate$BeanPostProcessorChecker : Bean 'methodSecurityMetadataSource' of type [org.springframework.security.access.method.DelegatingMethodSecurityMetadataSource] is not eligible for getting processed by all BeanPostProcessors (for example: not eligible for auto-proxying)
2021-12-31 12:47:32.536  INFO 11628 --- [restartedMain] o.s.b.w.embedded.tomcat.TomcatWebServer  : Tomcat initialized with port(s): 3800 (http)
2021-12-31 12:47:32.577  INFO 11628 --- [restartedMain] o.apache.catalina.core.StandardService   : Starting service [Tomcat]
2021-12-31 12:47:32.583  INFO 11628 --- [restartedMain] org.apache.catalina.core.StandardEngine  : Starting Servlet engine: [Apache Tomcat/9.0.54]
2021-12-31 12:47:33.067  INFO 11628 --- [restartedMain] o.a.c.c.C.[Tomcat].[localhost].[/]       : Initializing Spring embedded WebApplicationContext
2021-12-31 12:47:33.068  INFO 11628 --- [restartedMain] w.s.c.ServletWebServerApplicationContext : Root WebApplicationContext: initialization completed in 6545 ms
2021-12-31 12:47:33.980  INFO 11628 --- [restartedMain] o.hibernate.jpa.internal.util.LogHelper  : HHH000204: Processing PersistenceUnitInfo [name: default]
2021-12-31 12:47:34.168  INFO 11628 --- [restartedMain] org.hibernate.Version                    : HHH000412: Hibernate ORM core version 5.4.32.Final
2021-12-31 12:47:34.791  INFO 11628 --- [restartedMain] o.hibernate.annotations.common.Version   : HCANN000001: Hibernate Commons Annotations {5.1.2.Final}
2021-12-31 12:47:35.231  INFO 11628 --- [restartedMain] com.zaxxer.hikari.HikariDataSource       : HikariPool-1 - Starting...
2021-12-31 12:47:35.655  INFO 11628 --- [restartedMain] com.zaxxer.hikari.HikariDataSource       : HikariPool-1 - Start completed.
2021-12-31 12:47:35.705  INFO 11628 --- [restartedMain] org.hibernate.dialect.Dialect            : HHH000400: Using dialect: org.hibernate.dialect.MySQL55Dialect
2021-12-31 12:47:39.458  INFO 11628 --- [restartedMain] o.h.e.t.j.p.i.JtaPlatformInitiator       : HHH000490: Using JtaPlatform implementation: [org.hibernate.engine.transaction.jta.platform.internal.NoJtaPlatform]
2021-12-31 12:47:39.481  INFO 11628 --- [restartedMain] j.LocalContainerEntityManagerFactoryBean : Initialized JPA EntityManagerFactory for persistence unit 'default'
2021-12-31 12:47:42.425  WARN 11628 --- [restartedMain] JpaBaseConfiguration$JpaWebConfiguration : spring.jpa.open-in-view is enabled by default. Therefore, database queries may be performed during view rendering. Explicitly configure spring.jpa.open-in-view to disable this warning
2021-12-31 12:47:43.967  INFO 11628 --- [restartedMain] o.s.s.web.DefaultSecurityFilterChain     : Will secure any request with [org.springframework.security.web.context.request.async.WebAsyncManagerIntegrationFilter@4e3e1833, org.springframework.security.web.context.SecurityContextPersistenceFilter@66109aa0, org.springframework.security.web.header.HeaderWriterFilter@5335a0df, org.springframework.security.web.authentication.logout.LogoutFilter@36dd2942, com.example.security.JWTAuthorizationFiler@5ef43b10, com.example.security.JWTAuthenticationFilter@42deeff, org.springframework.security.web.savedrequest.RequestCacheAwareFilter@254a35cd, org.springframework.security.web.servletapi.SecurityContextHolderAwareRequestFilter@1a006454, org.springframework.security.web.authentication.AnonymousAuthenticationFilter@7df67f53, org.springframework.security.web.session.SessionManagementFilter@709dcf72, org.springframework.security.web.access.ExceptionTranslationFilter@34cf767, org.springframework.security.web.access.intercept.FilterSecurityInterceptor@227b78eb]
2021-12-31 12:47:46.472  WARN 11628 --- [restartedMain] ion$DefaultTemplateResolverConfiguration : Cannot find template location: classpath:/templates/ (please add some templates or check your Thymeleaf configuration)
2021-12-31 12:47:47.563  INFO 11628 --- [restartedMain] o.s.b.d.a.OptionalLiveReloadServer       : LiveReload server is running on port 35729
2021-12-31 12:47:47.689  INFO 11628 --- [restartedMain] o.s.b.w.embedded.tomcat.TomcatWebServer  : Tomcat started on port(s): 3800 (http) with context path ''
2021-12-31 12:47:47.718  INFO 11628 --- [restartedMain] .e.RecruitmentManagmentSystemApplication : Started RecruitmentManagmentSystemApplication in 22.468 seconds (JVM running for 25.876)
2021-12-31 12:56:03.202  INFO 11628 --- [http-nio-3800-exec-1] o.a.c.c.C.[Tomcat].[localhost].[/]       : Initializing Spring DispatcherServlet 'dispatcherServlet'
2021-12-31 12:56:03.241  INFO 11628 --- [http-nio-3800-exec-1] o.s.web.servlet.DispatcherServlet        : Initializing Servlet 'dispatcherServlet'
2021-12-31 12:56:03.721  INFO 11628 --- [http-nio-3800-exec-1] o.s.web.servlet.DispatcherServlet        : Completed initialization in 457 ms
2021-12-31 15:54:49.949  INFO 11628 --- [Thread-6] j.LocalContainerEntityManagerFactoryBean : Closing JPA EntityManagerFactory for persistence unit 'default'
2021-12-31 15:54:50.117  INFO 11628 --- [Thread-6] com.zaxxer.hikari.HikariDataSource       : HikariPool-1 - Shutdown initiated...
2021-12-31 15:54:50.166  INFO 11628 --- [Thread-6] com.zaxxer.hikari.HikariDataSource       : HikariPool-1 - Shutdown completed.
2021-12-31 15:54:52.276  INFO 11628 --- [restartedMain] .e.RecruitmentManagmentSystemApplication : Starting RecruitmentManagmentSystemApplication using Java 1.8.0_251 on DESKTOP-IUEN8B6 with PID 11628 (C:\Users\Nour\Desktop\Projet_BackFront\-Recruitment_Managment_System\BackEndSpringBoot\target\classes started by Nour in C:\Users\Nour\Desktop\Projet_BackFront\-Recruitment_Managment_System\BackEndSpringBoot)
2021-12-31 15:54:52.277  INFO 11628 --- [restartedMain] .e.RecruitmentManagmentSystemApplication : No active profile set, falling back to default profiles: default
2021-12-31 15:54:53.430  INFO 11628 --- [restartedMain] .s.d.r.c.RepositoryConfigurationDelegate : Bootstrapping Spring Data JPA repositories in DEFAULT mode.
2021-12-31 15:54:53.690  INFO 11628 --- [restartedMain] .s.d.r.c.RepositoryConfigurationDelegate : Finished Spring Data repository scanning in 257 ms. Found 10 JPA repository interfaces.
2021-12-31 15:54:54.086  INFO 11628 --- [restartedMain] trationDelegate$BeanPostProcessorChecker : Bean 'org.springframework.security.access.expression.method.DefaultMethodSecurityExpressionHandler@78c2cb03' of type [org.springframework.security.access.expression.method.DefaultMethodSecurityExpressionHandler] is not eligible for getting processed by all BeanPostProcessors (for example: not eligible for auto-proxying)
2021-12-31 15:54:54.096  INFO 11628 --- [restartedMain] trationDelegate$BeanPostProcessorChecker : Bean 'methodSecurityMetadataSource' of type [org.springframework.security.access.method.DelegatingMethodSecurityMetadataSource] is not eligible for getting processed by all BeanPostProcessors (for example: not eligible for auto-proxying)
2021-12-31 15:54:54.739  INFO 11628 --- [restartedMain] o.s.b.w.embedded.tomcat.TomcatWebServer  : Tomcat initialized with port(s): 3800 (http)
2021-12-31 15:54:54.741  INFO 11628 --- [restartedMain] o.apache.catalina.core.StandardService   : Starting service [Tomcat]
2021-12-31 15:54:54.743  INFO 11628 --- [restartedMain] org.apache.catalina.core.StandardEngine  : Starting Servlet engine: [Apache Tomcat/9.0.54]
2021-12-31 15:54:54.899  INFO 11628 --- [restartedMain] o.a.c.c.C.[Tomcat].[localhost].[/]       : Initializing Spring embedded WebApplicationContext
2021-12-31 15:54:54.900  INFO 11628 --- [restartedMain] w.s.c.ServletWebServerApplicationContext : Root WebApplicationContext: initialization completed in 2611 ms
2021-12-31 15:54:57.789  INFO 11628 --- [restartedMain] o.hibernate.jpa.internal.util.LogHelper  : HHH000204: Processing PersistenceUnitInfo [name: default]
2021-12-31 15:54:57.843  INFO 11628 --- [restartedMain] com.zaxxer.hikari.HikariDataSource       : HikariPool-2 - Starting...
2021-12-31 15:54:57.859  INFO 11628 --- [restartedMain] com.zaxxer.hikari.HikariDataSource       : HikariPool-2 - Start completed.
2021-12-31 15:54:57.860  INFO 11628 --- [restartedMain] org.hibernate.dialect.Dialect            : HHH000400: Using dialect: org.hibernate.dialect.MySQL55Dialect
2021-12-31 15:55:00.100  INFO 11628 --- [restartedMain] o.h.e.t.j.p.i.JtaPlatformInitiator       : HHH000490: Using JtaPlatform implementation: [org.hibernate.engine.transaction.jta.platform.internal.NoJtaPlatform]
2021-12-31 15:55:00.101  INFO 11628 --- [restartedMain] j.LocalContainerEntityManagerFactoryBean : Initialized JPA EntityManagerFactory for persistence unit 'default'
2021-12-31 15:55:03.089  WARN 11628 --- [restartedMain] JpaBaseConfiguration$JpaWebConfiguration : spring.jpa.open-in-view is enabled by default. Therefore, database queries may be performed during view rendering. Explicitly configure spring.jpa.open-in-view to disable this warning
2021-12-31 15:55:03.781  INFO 11628 --- [restartedMain] o.s.s.web.DefaultSecurityFilterChain     : Will secure any request with [org.springframework.security.web.context.request.async.WebAsyncManagerIntegrationFilter@4377d5c8, org.springframework.security.web.context.SecurityContextPersistenceFilter@7127b257, org.springframework.security.web.header.HeaderWriterFilter@15f17245, org.springframework.security.web.authentication.logout.LogoutFilter@63facf1d, com.example.security.JWTAuthorizationFiler@1b9a8d67, com.example.security.JWTAuthenticationFilter@6660a53f, org.springframework.security.web.savedrequest.RequestCacheAwareFilter@4317a50c, org.springframework.security.web.servletapi.SecurityContextHolderAwareRequestFilter@5dea9471, org.springframework.security.web.authentication.AnonymousAuthenticationFilter@2de4e5b5, org.springframework.security.web.session.SessionManagementFilter@6e53991d, org.springframework.security.web.access.ExceptionTranslationFilter@7bd93b64, org.springframework.security.web.access.intercept.FilterSecurityInterceptor@6aed614e]
2021-12-31 15:55:05.300  WARN 11628 --- [restartedMain] ion$DefaultTemplateResolverConfiguration : Cannot find template location: classpath:/templates/ (please add some templates or check your Thymeleaf configuration)
2021-12-31 15:55:05.855  INFO 11628 --- [restartedMain] o.s.b.d.a.OptionalLiveReloadServer       : LiveReload server is running on port 35729
2021-12-31 15:55:05.917  INFO 11628 --- [restartedMain] o.s.b.w.embedded.tomcat.TomcatWebServer  : Tomcat started on port(s): 3800 (http) with context path ''
2021-12-31 15:55:05.942  INFO 11628 --- [restartedMain] .e.RecruitmentManagmentSystemApplication : Started RecruitmentManagmentSystemApplication in 13.864 seconds (JVM running for 11264.1)
2021-12-31 15:55:07.594  INFO 11628 --- [restartedMain] .ConditionEvaluationDeltaLoggingListener : Condition evaluation unchanged
2021-12-31 15:55:43.897  INFO 11628 --- [http-nio-3800-exec-2] o.a.c.c.C.[Tomcat].[localhost].[/]       : Initializing Spring DispatcherServlet 'dispatcherServlet'
2021-12-31 15:55:43.903  INFO 11628 --- [http-nio-3800-exec-2] o.s.web.servlet.DispatcherServlet        : Initializing Servlet 'dispatcherServlet'
2021-12-31 15:55:43.909  INFO 11628 --- [http-nio-3800-exec-2] o.s.web.servlet.DispatcherServlet        : Completed initialization in 4 ms
2022-01-07 12:52:57.167  INFO 16860 --- [restartedMain] .e.RecruitmentManagmentSystemApplication : Starting RecruitmentManagmentSystemApplication using Java 1.8.0_311 on DESKTOP-A6D6NPI with PID 16860 (C:\Users\Mariem\Desktop\SpringBootVersionFinal\-Recruitment_Managment_System\BackEndSpringBoot\target\classes started by Mariem in C:\Users\Mariem\Desktop\SpringBootVersionFinal\-Recruitment_Managment_System\BackEndSpringBoot)
2022-01-07 12:52:57.169  INFO 16860 --- [restartedMain] .e.RecruitmentManagmentSystemApplication : No active profile set, falling back to default profiles: default
2022-01-07 12:52:57.493  INFO 16860 --- [restartedMain] o.s.b.devtools.restart.ChangeableUrls    : The Class-Path manifest attribute in C:\Users\Mariem\.m2\repository\org\glassfish\hk2\hk2\2.6.1\hk2-2.6.1.jar referenced one or more files that do not exist: file:/C:/Users/Mariem/.m2/repository/org/glassfish/hk2/hk2/2.6.1/hk2-utils.jar,file:/C:/Users/Mariem/.m2/repository/org/glassfish/hk2/hk2/2.6.1/jakarta.annotation-api.jar,file:/C:/Users/Mariem/.m2/repository/org/glassfish/hk2/hk2/2.6.1/jakarta.inject.jar,file:/C:/Users/Mariem/.m2/repository/org/glassfish/hk2/hk2/2.6.1/hk2-api.jar,file:/C:/Users/Mariem/.m2/repository/org/glassfish/hk2/hk2/2.6.1/aopalliance-repackaged.jar,file:/C:/Users/Mariem/.m2/repository/org/glassfish/hk2/hk2/2.6.1/hk2-core.jar,file:/C:/Users/Mariem/.m2/repository/org/glassfish/hk2/hk2/2.6.1/hk2-locator.jar,file:/C:/Users/Mariem/.m2/repository/org/glassfish/hk2/hk2/2.6.1/javassist.jar,file:/C:/Users/Mariem/.m2/repository/org/glassfish/hk2/hk2/2.6.1/hk2-runlevel.jar,file:/C:/Users/Mariem/.m2/repository/org/glassfish/hk2/hk2/2.6.1/class-model.jar,file:/C:/Users/Mariem/.m2/repository/org/glassfish/hk2/hk2/2.6.1/asm.jar,file:/C:/Users/Mariem/.m2/repository/org/glassfish/hk2/hk2/2.6.1/asm-analysis.jar,file:/C:/Users/Mariem/.m2/repository/org/glassfish/hk2/hk2/2.6.1/asm-commons.jar,file:/C:/Users/Mariem/.m2/repository/org/glassfish/hk2/hk2/2.6.1/asm-tree.jar,file:/C:/Users/Mariem/.m2/repository/org/glassfish/hk2/hk2/2.6.1/asm-util.jar
2022-01-07 12:52:57.494  INFO 16860 --- [restartedMain] .e.DevToolsPropertyDefaultsPostProcessor : Devtools property defaults active! Set 'spring.devtools.add-properties' to 'false' to disable
2022-01-07 12:52:57.495  INFO 16860 --- [restartedMain] .e.DevToolsPropertyDefaultsPostProcessor : For additional web related logging consider setting the 'logging.level.web' property to 'DEBUG'
2022-01-07 12:53:26.030  INFO 16860 --- [restartedMain] .s.d.r.c.RepositoryConfigurationDelegate : Bootstrapping Spring Data JPA repositories in DEFAULT mode.
2022-01-07 12:53:28.651  INFO 16860 --- [restartedMain] .s.d.r.c.RepositoryConfigurationDelegate : Finished Spring Data repository scanning in 2117 ms. Found 10 JPA repository interfaces.
2022-01-07 12:53:34.027  INFO 16860 --- [restartedMain] trationDelegate$BeanPostProcessorChecker : Bean 'org.springframework.security.access.expression.method.DefaultMethodSecurityExpressionHandler@30fc70c6' of type [org.springframework.security.access.expression.method.DefaultMethodSecurityExpressionHandler] is not eligible for getting processed by all BeanPostProcessors (for example: not eligible for auto-proxying)
2022-01-07 12:53:34.244  INFO 16860 --- [restartedMain] trationDelegate$BeanPostProcessorChecker : Bean 'methodSecurityMetadataSource' of type [org.springframework.security.access.method.DelegatingMethodSecurityMetadataSource] is not eligible for getting processed by all BeanPostProcessors (for example: not eligible for auto-proxying)
2022-01-07 12:53:38.918  INFO 16860 --- [restartedMain] o.s.b.w.embedded.tomcat.TomcatWebServer  : Tomcat initialized with port(s): 3800 (http)
2022-01-07 12:53:39.098  INFO 16860 --- [restartedMain] o.apache.catalina.core.StandardService   : Starting service [Tomcat]
2022-01-07 12:53:39.099  INFO 16860 --- [restartedMain] org.apache.catalina.core.StandardEngine  : Starting Servlet engine: [Apache Tomcat/9.0.54]
2022-01-07 12:53:39.974  INFO 16860 --- [restartedMain] o.a.c.c.C.[Tomcat].[localhost].[/]       : Initializing Spring embedded WebApplicationContext
2022-01-07 12:53:39.975  INFO 16860 --- [restartedMain] w.s.c.ServletWebServerApplicationContext : Root WebApplicationContext: initialization completed in 42479 ms
2022-01-07 12:53:42.446  INFO 16860 --- [restartedMain] o.hibernate.jpa.internal.util.LogHelper  : HHH000204: Processing PersistenceUnitInfo [name: default]
2022-01-07 12:53:44.084  INFO 16860 --- [restartedMain] org.hibernate.Version                    : HHH000412: Hibernate ORM core version 5.4.32.Final
2022-01-07 12:54:00.882  INFO 16860 --- [restartedMain] o.hibernate.annotations.common.Version   : HCANN000001: Hibernate Commons Annotations {5.1.2.Final}
2022-01-07 12:54:04.501  INFO 16860 --- [restartedMain] com.zaxxer.hikari.HikariDataSource       : HikariPool-1 - Starting...
2022-01-07 12:54:09.308  INFO 16860 --- [restartedMain] com.zaxxer.hikari.HikariDataSource       : HikariPool-1 - Start completed.
2022-01-07 12:54:09.773  INFO 16860 --- [restartedMain] org.hibernate.dialect.Dialect            : HHH000400: Using dialect: org.hibernate.dialect.MySQL57Dialect
2022-01-07 12:58:37.736  INFO 16860 --- [restartedMain] o.h.e.t.j.p.i.JtaPlatformInitiator       : HHH000490: Using JtaPlatform implementation: [org.hibernate.engine.transaction.jta.platform.internal.NoJtaPlatform]
2022-01-07 12:58:38.106  INFO 16860 --- [restartedMain] j.LocalContainerEntityManagerFactoryBean : Initialized JPA EntityManagerFactory for persistence unit 'default'
2022-01-07 12:59:19.326  WARN 16860 --- [restartedMain] JpaBaseConfiguration$JpaWebConfiguration : spring.jpa.open-in-view is enabled by default. Therefore, database queries may be performed during view rendering. Explicitly configure spring.jpa.open-in-view to disable this warning
2022-01-07 12:59:34.105  INFO 16860 --- [restartedMain] o.s.s.web.DefaultSecurityFilterChain     : Will secure any request with [org.springframework.security.web.context.request.async.WebAsyncManagerIntegrationFilter@51b2a0e9, org.springframework.security.web.context.SecurityContextPersistenceFilter@14450813, org.springframework.security.web.header.HeaderWriterFilter@54850206, org.springframework.security.web.authentication.logout.LogoutFilter@7ccaddcc, com.example.security.JWTAuthorizationFiler@10aef384, com.example.security.JWTAuthenticationFilter@6a43b54a, org.springframework.security.web.savedrequest.RequestCacheAwareFilter@29182848, org.springframework.security.web.servletapi.SecurityContextHolderAwareRequestFilter@204a77eb, org.springframework.security.web.authentication.AnonymousAuthenticationFilter@2257b788, org.springframework.security.web.session.SessionManagementFilter@5f1de5cd, org.springframework.security.web.access.ExceptionTranslationFilter@210c6108, org.springframework.security.web.access.intercept.FilterSecurityInterceptor@1e4c87ff]
2022-01-07 13:00:11.265  WARN 16860 --- [restartedMain] ion$DefaultTemplateResolverConfiguration : Cannot find template location: classpath:/templates/ (please add some templates or check your Thymeleaf configuration)
2022-01-07 13:00:19.875  INFO 16860 --- [restartedMain] o.s.b.d.a.OptionalLiveReloadServer       : LiveReload server is running on port 35729
2022-01-07 13:00:22.958  INFO 16860 --- [restartedMain] o.s.b.w.embedded.tomcat.TomcatWebServer  : Tomcat started on port(s): 3800 (http) with context path ''
2022-01-07 13:00:23.397  INFO 16860 --- [restartedMain] .e.RecruitmentManagmentSystemApplication : Started RecruitmentManagmentSystemApplication in 460.099 seconds (JVM running for 472.647)
2022-01-07 13:01:49.075  INFO 16860 --- [restartedMain] ConditionEvaluationReportLoggingListener : 

Error starting ApplicationContext. To display the conditions report re-run your application with 'debug' enabled.
2022-01-07 13:01:53.147 ERROR 16860 --- [restartedMain] o.s.boot.SpringApplication               : Application run failed

java.lang.IllegalStateException: Failed to execute CommandLineRunner
	at org.springframework.boot.SpringApplication.callRunner(SpringApplication.java:794) [spring-boot-2.5.6.jar:2.5.6]
	at org.springframework.boot.SpringApplication.callRunners(SpringApplication.java:775) [spring-boot-2.5.6.jar:2.5.6]
	at org.springframework.boot.SpringApplication.run(SpringApplication.java:345) [spring-boot-2.5.6.jar:2.5.6]
	at org.springframework.boot.SpringApplication.run(SpringApplication.java:1343) [spring-boot-2.5.6.jar:2.5.6]
	at org.springframework.boot.SpringApplication.run(SpringApplication.java:1332) [spring-boot-2.5.6.jar:2.5.6]
	at com.example.RecruitmentManagmentSystemApplication.main(RecruitmentManagmentSystemApplication.java:70) [classes/:na]
	at sun.reflect.NativeMethodAccessorImpl.invoke0(Native Method) ~[na:1.8.0_311]
	at sun.reflect.NativeMethodAccessorImpl.invoke(Unknown Source) ~[na:1.8.0_311]
	at sun.reflect.DelegatingMethodAccessorImpl.invoke(Unknown Source) ~[na:1.8.0_311]
	at java.lang.reflect.Method.invoke(Unknown Source) ~[na:1.8.0_311]
	at org.springframework.boot.devtools.restart.RestartLauncher.run(RestartLauncher.java:49) [spring-boot-devtools-2.5.6.jar:2.5.6]
Caused by: org.springframework.orm.jpa.JpaObjectRetrievalFailureException: Unable to find com.example.entities.User with id 2; nested exception is javax.persistence.EntityNotFoundException: Unable to find com.example.entities.User with id 2
	at org.springframework.orm.jpa.EntityManagerFactoryUtils.convertJpaAccessExceptionIfPossible(EntityManagerFactoryUtils.java:379) ~[spring-orm-5.3.12.jar:5.3.12]
	at org.springframework.orm.jpa.vendor.HibernateJpaDialect.translateExceptionIfPossible(HibernateJpaDialect.java:235) ~[spring-orm-5.3.12.jar:5.3.12]
	at org.springframework.orm.jpa.AbstractEntityManagerFactoryBean.translateExceptionIfPossible(AbstractEntityManagerFactoryBean.java:551) ~[spring-orm-5.3.12.jar:5.3.12]
	at org.springframework.dao.support.ChainedPersistenceExceptionTranslator.translateExceptionIfPossible(ChainedPersistenceExceptionTranslator.java:61) ~[spring-tx-5.3.12.jar:5.3.12]
	at org.springframework.dao.support.DataAccessUtils.translateIfNecessary(DataAccessUtils.java:242) ~[spring-tx-5.3.12.jar:5.3.12]
	at org.springframework.dao.support.PersistenceExceptionTranslationInterceptor.invoke(PersistenceExceptionTranslationInterceptor.java:152) ~[spring-tx-5.3.12.jar:5.3.12]
	at org.springframework.aop.framework.ReflectiveMethodInvocation.proceed(ReflectiveMethodInvocation.java:186) ~[spring-aop-5.3.12.jar:5.3.12]
	at org.springframework.data.jpa.repository.support.CrudMethodMetadataPostProcessor$CrudMethodMetadataPopulatingMethodInterceptor.invoke(CrudMethodMetadataPostProcessor.java:174) ~[spring-data-jpa-2.5.6.jar:2.5.6]
	at org.springframework.aop.framework.ReflectiveMethodInvocation.proceed(ReflectiveMethodInvocation.java:186) ~[spring-aop-5.3.12.jar:5.3.12]
	at org.springframework.aop.interceptor.ExposeInvocationInterceptor.invoke(ExposeInvocationInterceptor.java:97) ~[spring-aop-5.3.12.jar:5.3.12]
	at org.springframework.aop.framework.ReflectiveMethodInvocation.proceed(ReflectiveMethodInvocation.java:186) ~[spring-aop-5.3.12.jar:5.3.12]
	at org.springframework.aop.framework.JdkDynamicAopProxy.invoke(JdkDynamicAopProxy.java:215) ~[spring-aop-5.3.12.jar:5.3.12]
	at com.sun.proxy.$Proxy122.save(Unknown Source) ~[na:na]
	at com.example.RecruitmentManagmentSystemApplication.run(RecruitmentManagmentSystemApplication.java:289) [classes/:na]
	at org.springframework.boot.SpringApplication.callRunner(SpringApplication.java:791) [spring-boot-2.5.6.jar:2.5.6]
	... 10 common frames omitted
Caused by: javax.persistence.EntityNotFoundException: Unable to find com.example.entities.User with id 2
	at org.hibernate.jpa.boot.internal.EntityManagerFactoryBuilderImpl$JpaEntityNotFoundDelegate.handleEntityNotFound(EntityManagerFactoryBuilderImpl.java:163) ~[hibernate-core-5.4.32.Final.jar:5.4.32.Final]
	at org.hibernate.event.internal.DefaultLoadEventListener.load(DefaultLoadEventListener.java:216) ~[hibernate-core-5.4.32.Final.jar:5.4.32.Final]
	at org.hibernate.event.internal.DefaultLoadEventListener.proxyOrLoad(DefaultLoadEventListener.java:332) ~[hibernate-core-5.4.32.Final.jar:5.4.32.Final]
	at org.hibernate.event.internal.DefaultLoadEventListener.doOnLoad(DefaultLoadEventListener.java:108) ~[hibernate-core-5.4.32.Final.jar:5.4.32.Final]
	at org.hibernate.event.internal.DefaultLoadEventListener.onLoad(DefaultLoadEventListener.java:74) ~[hibernate-core-5.4.32.Final.jar:5.4.32.Final]
	at org.hibernate.event.service.internal.EventListenerGroupImpl.fireEventOnEachListener(EventListenerGroupImpl.java:110) ~[hibernate-core-5.4.32.Final.jar:5.4.32.Final]
	at org.hibernate.internal.SessionImpl.fireLoadNoChecks(SessionImpl.java:1186) ~[hibernate-core-5.4.32.Final.jar:5.4.32.Final]
	at org.hibernate.internal.SessionImpl.internalLoad(SessionImpl.java:1051) ~[hibernate-core-5.4.32.Final.jar:5.4.32.Final]
	at org.hibernate.type.EntityType.resolveIdentifier(EntityType.java:697) ~[hibernate-core-5.4.32.Final.jar:5.4.32.Final]
	at org.hibernate.type.EntityType.resolve(EntityType.java:464) ~[hibernate-core-5.4.32.Final.jar:5.4.32.Final]
	at org.hibernate.type.ManyToOneType.resolve(ManyToOneType.java:240) ~[hibernate-core-5.4.32.Final.jar:5.4.32.Final]
	at org.hibernate.type.EntityType.resolve(EntityType.java:457) ~[hibernate-core-5.4.32.Final.jar:5.4.32.Final]
	at org.hibernate.type.EntityType.replace(EntityType.java:358) ~[hibernate-core-5.4.32.Final.jar:5.4.32.Final]
	at org.hibernate.type.AbstractType.replace(AbstractType.java:164) ~[hibernate-core-5.4.32.Final.jar:5.4.32.Final]
	at org.hibernate.type.TypeHelper.replace(TypeHelper.java:204) ~[hibernate-core-5.4.32.Final.jar:5.4.32.Final]
	at org.hibernate.event.internal.DefaultMergeEventListener.copyValues(DefaultMergeEventListener.java:488) ~[hibernate-core-5.4.32.Final.jar:5.4.32.Final]
	at org.hibernate.event.internal.DefaultMergeEventListener.entityIsTransient(DefaultMergeEventListener.java:241) ~[hibernate-core-5.4.32.Final.jar:5.4.32.Final]
	at org.hibernate.event.internal.DefaultMergeEventListener.entityIsDetached(DefaultMergeEventListener.java:318) ~[hibernate-core-5.4.32.Final.jar:5.4.32.Final]
	at org.hibernate.event.internal.DefaultMergeEventListener.onMerge(DefaultMergeEventListener.java:172) ~[hibernate-core-5.4.32.Final.jar:5.4.32.Final]
	at org.hibernate.event.internal.DefaultMergeEventListener.onMerge(DefaultMergeEventListener.java:70) ~[hibernate-core-5.4.32.Final.jar:5.4.32.Final]
	at org.hibernate.event.service.internal.EventListenerGroupImpl.fireEventOnEachListener(EventListenerGroupImpl.java:99) ~[hibernate-core-5.4.32.Final.jar:5.4.32.Final]
	at org.hibernate.internal.SessionImpl.fireMerge(SessionImpl.java:793) ~[hibernate-core-5.4.32.Final.jar:5.4.32.Final]
	at org.hibernate.internal.SessionImpl.merge(SessionImpl.java:780) ~[hibernate-core-5.4.32.Final.jar:5.4.32.Final]
	at sun.reflect.GeneratedMethodAccessor74.invoke(Unknown Source) ~[na:na]
	at sun.reflect.DelegatingMethodAccessorImpl.invoke(Unknown Source) ~[na:1.8.0_311]
	at java.lang.reflect.Method.invoke(Unknown Source) ~[na:1.8.0_311]
	at org.springframework.orm.jpa.SharedEntityManagerCreator$SharedEntityManagerInvocationHandler.invoke(SharedEntityManagerCreator.java:311) ~[spring-orm-5.3.12.jar:5.3.12]
	at com.sun.proxy.$Proxy111.merge(Unknown Source) ~[na:na]
	at org.springframework.data.jpa.repository.support.SimpleJpaRepository.save(SimpleJpaRepository.java:600) ~[spring-data-jpa-2.5.6.jar:2.5.6]
	at sun.reflect.GeneratedMethodAccessor73.invoke(Unknown Source) ~[na:na]
	at sun.reflect.DelegatingMethodAccessorImpl.invoke(Unknown Source) ~[na:1.8.0_311]
	at java.lang.reflect.Method.invoke(Unknown Source) ~[na:1.8.0_311]
	at org.springframework.data.repository.core.support.RepositoryMethodInvoker$RepositoryFragmentMethodInvoker.lambda$new$0(RepositoryMethodInvoker.java:289) ~[spring-data-commons-2.5.6.jar:2.5.6]
	at org.springframework.data.repository.core.support.RepositoryMethodInvoker.doInvoke(RepositoryMethodInvoker.java:137) ~[spring-data-commons-2.5.6.jar:2.5.6]
	at org.springframework.data.repository.core.support.RepositoryMethodInvoker.invoke(RepositoryMethodInvoker.java:121) ~[spring-data-commons-2.5.6.jar:2.5.6]
	at org.springframework.data.repository.core.support.RepositoryComposition$RepositoryFragments.invoke(RepositoryComposition.java:529) ~[spring-data-commons-2.5.6.jar:2.5.6]
	at org.springframework.data.repository.core.support.RepositoryComposition.invoke(RepositoryComposition.java:285) ~[spring-data-commons-2.5.6.jar:2.5.6]
	at org.springframework.data.repository.core.support.RepositoryFactorySupport$ImplementationMethodExecutionInterceptor.invoke(RepositoryFactorySupport.java:599) ~[spring-data-commons-2.5.6.jar:2.5.6]
	at org.springframework.aop.framework.ReflectiveMethodInvocation.proceed(ReflectiveMethodInvocation.java:186) ~[spring-aop-5.3.12.jar:5.3.12]
	at org.springframework.data.repository.core.support.QueryExecutorMethodInterceptor.doInvoke(QueryExecutorMethodInterceptor.java:163) ~[spring-data-commons-2.5.6.jar:2.5.6]
	at org.springframework.data.repository.core.support.QueryExecutorMethodInterceptor.invoke(QueryExecutorMethodInterceptor.java:138) ~[spring-data-commons-2.5.6.jar:2.5.6]
	at org.springframework.aop.framework.ReflectiveMethodInvocation.proceed(ReflectiveMethodInvocation.java:186) ~[spring-aop-5.3.12.jar:5.3.12]
	at org.springframework.data.projection.DefaultMethodInvokingMethodInterceptor.invoke(DefaultMethodInvokingMethodInterceptor.java:80) ~[spring-data-commons-2.5.6.jar:2.5.6]
	at org.springframework.aop.framework.ReflectiveMethodInvocation.proceed(ReflectiveMethodInvocation.java:186) ~[spring-aop-5.3.12.jar:5.3.12]
	at org.springframework.transaction.interceptor.TransactionInterceptor$1.proceedWithInvocation(TransactionInterceptor.java:123) ~[spring-tx-5.3.12.jar:5.3.12]
	at org.springframework.transaction.interceptor.TransactionAspectSupport.invokeWithinTransaction(TransactionAspectSupport.java:388) ~[spring-tx-5.3.12.jar:5.3.12]
	at org.springframework.transaction.interceptor.TransactionInterceptor.invoke(TransactionInterceptor.java:119) ~[spring-tx-5.3.12.jar:5.3.12]
	at org.springframework.aop.framework.ReflectiveMethodInvocation.proceed(ReflectiveMethodInvocation.java:186) ~[spring-aop-5.3.12.jar:5.3.12]
	at org.springframework.dao.support.PersistenceExceptionTranslationInterceptor.invoke(PersistenceExceptionTranslationInterceptor.java:137) ~[spring-tx-5.3.12.jar:5.3.12]
	... 19 common frames omitted

2022-01-07 13:02:12.953  INFO 16860 --- [restartedMain] j.LocalContainerEntityManagerFactoryBean : Closing JPA EntityManagerFactory for persistence unit 'default'
2022-01-07 13:02:13.155  INFO 16860 --- [restartedMain] com.zaxxer.hikari.HikariDataSource       : HikariPool-1 - Shutdown initiated...
2022-01-07 13:02:13.558  INFO 16860 --- [restartedMain] com.zaxxer.hikari.HikariDataSource       : HikariPool-1 - Shutdown completed.
2022-01-07 13:06:10.057  INFO 8584 --- [restartedMain] .e.RecruitmentManagmentSystemApplication : Starting RecruitmentManagmentSystemApplication using Java 1.8.0_311 on DESKTOP-A6D6NPI with PID 8584 (C:\Users\Mariem\Desktop\SpringBootVersionFinal\-Recruitment_Managment_System\BackEndSpringBoot\target\classes started by Mariem in C:\Users\Mariem\Desktop\SpringBootVersionFinal\-Recruitment_Managment_System\BackEndSpringBoot)
2022-01-07 13:06:10.058  INFO 8584 --- [restartedMain] .e.RecruitmentManagmentSystemApplication : No active profile set, falling back to default profiles: default
2022-01-07 13:06:10.628  INFO 8584 --- [restartedMain] o.s.b.devtools.restart.ChangeableUrls    : The Class-Path manifest attribute in C:\Users\Mariem\.m2\repository\org\glassfish\hk2\hk2\2.6.1\hk2-2.6.1.jar referenced one or more files that do not exist: file:/C:/Users/Mariem/.m2/repository/org/glassfish/hk2/hk2/2.6.1/hk2-utils.jar,file:/C:/Users/Mariem/.m2/repository/org/glassfish/hk2/hk2/2.6.1/jakarta.annotation-api.jar,file:/C:/Users/Mariem/.m2/repository/org/glassfish/hk2/hk2/2.6.1/jakarta.inject.jar,file:/C:/Users/Mariem/.m2/repository/org/glassfish/hk2/hk2/2.6.1/hk2-api.jar,file:/C:/Users/Mariem/.m2/repository/org/glassfish/hk2/hk2/2.6.1/aopalliance-repackaged.jar,file:/C:/Users/Mariem/.m2/repository/org/glassfish/hk2/hk2/2.6.1/hk2-core.jar,file:/C:/Users/Mariem/.m2/repository/org/glassfish/hk2/hk2/2.6.1/hk2-locator.jar,file:/C:/Users/Mariem/.m2/repository/org/glassfish/hk2/hk2/2.6.1/javassist.jar,file:/C:/Users/Mariem/.m2/repository/org/glassfish/hk2/hk2/2.6.1/hk2-runlevel.jar,file:/C:/Users/Mariem/.m2/repository/org/glassfish/hk2/hk2/2.6.1/class-model.jar,file:/C:/Users/Mariem/.m2/repository/org/glassfish/hk2/hk2/2.6.1/asm.jar,file:/C:/Users/Mariem/.m2/repository/org/glassfish/hk2/hk2/2.6.1/asm-analysis.jar,file:/C:/Users/Mariem/.m2/repository/org/glassfish/hk2/hk2/2.6.1/asm-commons.jar,file:/C:/Users/Mariem/.m2/repository/org/glassfish/hk2/hk2/2.6.1/asm-tree.jar,file:/C:/Users/Mariem/.m2/repository/org/glassfish/hk2/hk2/2.6.1/asm-util.jar
2022-01-07 13:06:10.630  INFO 8584 --- [restartedMain] .e.DevToolsPropertyDefaultsPostProcessor : Devtools property defaults active! Set 'spring.devtools.add-properties' to 'false' to disable
2022-01-07 13:06:10.631  INFO 8584 --- [restartedMain] .e.DevToolsPropertyDefaultsPostProcessor : For additional web related logging consider setting the 'logging.level.web' property to 'DEBUG'
2022-01-07 13:06:24.190  INFO 8584 --- [restartedMain] .s.d.r.c.RepositoryConfigurationDelegate : Bootstrapping Spring Data JPA repositories in DEFAULT mode.
2022-01-07 13:06:24.868  INFO 8584 --- [restartedMain] .s.d.r.c.RepositoryConfigurationDelegate : Finished Spring Data repository scanning in 667 ms. Found 10 JPA repository interfaces.
2022-01-07 13:06:27.817  INFO 8584 --- [restartedMain] trationDelegate$BeanPostProcessorChecker : Bean 'org.springframework.security.access.expression.method.DefaultMethodSecurityExpressionHandler@715cfd9c' of type [org.springframework.security.access.expression.method.DefaultMethodSecurityExpressionHandler] is not eligible for getting processed by all BeanPostProcessors (for example: not eligible for auto-proxying)
2022-01-07 13:06:27.825  INFO 8584 --- [restartedMain] trationDelegate$BeanPostProcessorChecker : Bean 'methodSecurityMetadataSource' of type [org.springframework.security.access.method.DelegatingMethodSecurityMetadataSource] is not eligible for getting processed by all BeanPostProcessors (for example: not eligible for auto-proxying)
2022-01-07 13:06:37.217  INFO 8584 --- [restartedMain] o.s.b.w.embedded.tomcat.TomcatWebServer  : Tomcat initialized with port(s): 3800 (http)
2022-01-07 13:06:37.639  INFO 8584 --- [restartedMain] o.apache.catalina.core.StandardService   : Starting service [Tomcat]
2022-01-07 13:06:37.640  INFO 8584 --- [restartedMain] org.apache.catalina.core.StandardEngine  : Starting Servlet engine: [Apache Tomcat/9.0.54]
2022-01-07 13:06:39.914  INFO 8584 --- [restartedMain] o.a.c.c.C.[Tomcat].[localhost].[/]       : Initializing Spring embedded WebApplicationContext
2022-01-07 13:06:39.915  INFO 8584 --- [restartedMain] w.s.c.ServletWebServerApplicationContext : Root WebApplicationContext: initialization completed in 29282 ms
2022-01-07 13:06:45.095  INFO 8584 --- [restartedMain] o.hibernate.jpa.internal.util.LogHelper  : HHH000204: Processing PersistenceUnitInfo [name: default]
2022-01-07 13:06:51.948  INFO 8584 --- [restartedMain] org.hibernate.Version                    : HHH000412: Hibernate ORM core version 5.4.32.Final
2022-01-07 13:07:06.435  INFO 8584 --- [restartedMain] o.hibernate.annotations.common.Version   : HCANN000001: Hibernate Commons Annotations {5.1.2.Final}
2022-01-07 13:07:13.205  INFO 8584 --- [restartedMain] com.zaxxer.hikari.HikariDataSource       : HikariPool-1 - Starting...
2022-01-07 13:07:16.223  INFO 8584 --- [restartedMain] com.zaxxer.hikari.HikariDataSource       : HikariPool-1 - Start completed.
2022-01-07 13:07:17.070  INFO 8584 --- [restartedMain] org.hibernate.dialect.Dialect            : HHH000400: Using dialect: org.hibernate.dialect.MySQL57Dialect
2022-01-07 13:09:12.073  INFO 8584 --- [restartedMain] o.h.e.t.j.p.i.JtaPlatformInitiator       : HHH000490: Using JtaPlatform implementation: [org.hibernate.engine.transaction.jta.platform.internal.NoJtaPlatform]
2022-01-07 13:09:12.083  INFO 8584 --- [restartedMain] j.LocalContainerEntityManagerFactoryBean : Initialized JPA EntityManagerFactory for persistence unit 'default'
2022-01-07 13:09:16.465  WARN 8584 --- [restartedMain] JpaBaseConfiguration$JpaWebConfiguration : spring.jpa.open-in-view is enabled by default. Therefore, database queries may be performed during view rendering. Explicitly configure spring.jpa.open-in-view to disable this warning
2022-01-07 13:09:17.691  INFO 8584 --- [restartedMain] o.s.s.web.DefaultSecurityFilterChain     : Will secure any request with [org.springframework.security.web.context.request.async.WebAsyncManagerIntegrationFilter@57193e1, org.springframework.security.web.context.SecurityContextPersistenceFilter@6a9e7c9a, org.springframework.security.web.header.HeaderWriterFilter@16fa21f7, org.springframework.security.web.authentication.logout.LogoutFilter@6d81d7f9, com.example.security.JWTAuthorizationFiler@7870064d, com.example.security.JWTAuthenticationFilter@261a2039, org.springframework.security.web.savedrequest.RequestCacheAwareFilter@6e1019bd, org.springframework.security.web.servletapi.SecurityContextHolderAwareRequestFilter@53221d5, org.springframework.security.web.authentication.AnonymousAuthenticationFilter@30dd22b9, org.springframework.security.web.session.SessionManagementFilter@47349fa2, org.springframework.security.web.access.ExceptionTranslationFilter@1d860788, org.springframework.security.web.access.intercept.FilterSecurityInterceptor@65b9e6e]
2022-01-07 13:09:19.676  WARN 8584 --- [restartedMain] ion$DefaultTemplateResolverConfiguration : Cannot find template location: classpath:/templates/ (please add some templates or check your Thymeleaf configuration)
2022-01-07 13:09:20.127  INFO 8584 --- [restartedMain] o.s.b.d.a.OptionalLiveReloadServer       : LiveReload server is running on port 35729
2022-01-07 13:09:21.559  INFO 8584 --- [restartedMain] o.s.b.w.embedded.tomcat.TomcatWebServer  : Tomcat started on port(s): 3800 (http) with context path ''
2022-01-07 13:09:21.580  INFO 8584 --- [restartedMain] .e.RecruitmentManagmentSystemApplication : Started RecruitmentManagmentSystemApplication in 198.388 seconds (JVM running for 234.309)
2022-01-07 13:09:46.307  INFO 8584 --- [restartedMain] ConditionEvaluationReportLoggingListener : 

Error starting ApplicationContext. To display the conditions report re-run your application with 'debug' enabled.
2022-01-07 13:09:46.342 ERROR 8584 --- [restartedMain] o.s.boot.SpringApplication               : Application run failed

java.lang.IllegalStateException: Failed to execute CommandLineRunner
	at org.springframework.boot.SpringApplication.callRunner(SpringApplication.java:794) [spring-boot-2.5.6.jar:2.5.6]
	at org.springframework.boot.SpringApplication.callRunners(SpringApplication.java:775) [spring-boot-2.5.6.jar:2.5.6]
	at org.springframework.boot.SpringApplication.run(SpringApplication.java:345) [spring-boot-2.5.6.jar:2.5.6]
	at org.springframework.boot.SpringApplication.run(SpringApplication.java:1343) [spring-boot-2.5.6.jar:2.5.6]
	at org.springframework.boot.SpringApplication.run(SpringApplication.java:1332) [spring-boot-2.5.6.jar:2.5.6]
	at com.example.RecruitmentManagmentSystemApplication.main(RecruitmentManagmentSystemApplication.java:70) [classes/:na]
	at sun.reflect.NativeMethodAccessorImpl.invoke0(Native Method) ~[na:1.8.0_311]
	at sun.reflect.NativeMethodAccessorImpl.invoke(Unknown Source) ~[na:1.8.0_311]
	at sun.reflect.DelegatingMethodAccessorImpl.invoke(Unknown Source) ~[na:1.8.0_311]
	at java.lang.reflect.Method.invoke(Unknown Source) ~[na:1.8.0_311]
	at org.springframework.boot.devtools.restart.RestartLauncher.run(RestartLauncher.java:49) [spring-boot-devtools-2.5.6.jar:2.5.6]
Caused by: org.springframework.orm.jpa.JpaObjectRetrievalFailureException: Unable to find com.example.entities.User with id 2; nested exception is javax.persistence.EntityNotFoundException: Unable to find com.example.entities.User with id 2
	at org.springframework.orm.jpa.EntityManagerFactoryUtils.convertJpaAccessExceptionIfPossible(EntityManagerFactoryUtils.java:379) ~[spring-orm-5.3.12.jar:5.3.12]
	at org.springframework.orm.jpa.vendor.HibernateJpaDialect.translateExceptionIfPossible(HibernateJpaDialect.java:235) ~[spring-orm-5.3.12.jar:5.3.12]
	at org.springframework.orm.jpa.AbstractEntityManagerFactoryBean.translateExceptionIfPossible(AbstractEntityManagerFactoryBean.java:551) ~[spring-orm-5.3.12.jar:5.3.12]
	at org.springframework.dao.support.ChainedPersistenceExceptionTranslator.translateExceptionIfPossible(ChainedPersistenceExceptionTranslator.java:61) ~[spring-tx-5.3.12.jar:5.3.12]
	at org.springframework.dao.support.DataAccessUtils.translateIfNecessary(DataAccessUtils.java:242) ~[spring-tx-5.3.12.jar:5.3.12]
	at org.springframework.dao.support.PersistenceExceptionTranslationInterceptor.invoke(PersistenceExceptionTranslationInterceptor.java:152) ~[spring-tx-5.3.12.jar:5.3.12]
	at org.springframework.aop.framework.ReflectiveMethodInvocation.proceed(ReflectiveMethodInvocation.java:186) ~[spring-aop-5.3.12.jar:5.3.12]
	at org.springframework.data.jpa.repository.support.CrudMethodMetadataPostProcessor$CrudMethodMetadataPopulatingMethodInterceptor.invoke(CrudMethodMetadataPostProcessor.java:174) ~[spring-data-jpa-2.5.6.jar:2.5.6]
	at org.springframework.aop.framework.ReflectiveMethodInvocation.proceed(ReflectiveMethodInvocation.java:186) ~[spring-aop-5.3.12.jar:5.3.12]
	at org.springframework.aop.interceptor.ExposeInvocationInterceptor.invoke(ExposeInvocationInterceptor.java:97) ~[spring-aop-5.3.12.jar:5.3.12]
	at org.springframework.aop.framework.ReflectiveMethodInvocation.proceed(ReflectiveMethodInvocation.java:186) ~[spring-aop-5.3.12.jar:5.3.12]
	at org.springframework.aop.framework.JdkDynamicAopProxy.invoke(JdkDynamicAopProxy.java:215) ~[spring-aop-5.3.12.jar:5.3.12]
	at com.sun.proxy.$Proxy122.save(Unknown Source) ~[na:na]
	at com.example.RecruitmentManagmentSystemApplication.run(RecruitmentManagmentSystemApplication.java:289) [classes/:na]
	at org.springframework.boot.SpringApplication.callRunner(SpringApplication.java:791) [spring-boot-2.5.6.jar:2.5.6]
	... 10 common frames omitted
Caused by: javax.persistence.EntityNotFoundException: Unable to find com.example.entities.User with id 2
	at org.hibernate.jpa.boot.internal.EntityManagerFactoryBuilderImpl$JpaEntityNotFoundDelegate.handleEntityNotFound(EntityManagerFactoryBuilderImpl.java:163) ~[hibernate-core-5.4.32.Final.jar:5.4.32.Final]
	at org.hibernate.event.internal.DefaultLoadEventListener.load(DefaultLoadEventListener.java:216) ~[hibernate-core-5.4.32.Final.jar:5.4.32.Final]
	at org.hibernate.event.internal.DefaultLoadEventListener.proxyOrLoad(DefaultLoadEventListener.java:332) ~[hibernate-core-5.4.32.Final.jar:5.4.32.Final]
	at org.hibernate.event.internal.DefaultLoadEventListener.doOnLoad(DefaultLoadEventListener.java:108) ~[hibernate-core-5.4.32.Final.jar:5.4.32.Final]
	at org.hibernate.event.internal.DefaultLoadEventListener.onLoad(DefaultLoadEventListener.java:74) ~[hibernate-core-5.4.32.Final.jar:5.4.32.Final]
	at org.hibernate.event.service.internal.EventListenerGroupImpl.fireEventOnEachListener(EventListenerGroupImpl.java:110) ~[hibernate-core-5.4.32.Final.jar:5.4.32.Final]
	at org.hibernate.internal.SessionImpl.fireLoadNoChecks(SessionImpl.java:1186) ~[hibernate-core-5.4.32.Final.jar:5.4.32.Final]
	at org.hibernate.internal.SessionImpl.internalLoad(SessionImpl.java:1051) ~[hibernate-core-5.4.32.Final.jar:5.4.32.Final]
	at org.hibernate.type.EntityType.resolveIdentifier(EntityType.java:697) ~[hibernate-core-5.4.32.Final.jar:5.4.32.Final]
	at org.hibernate.type.EntityType.resolve(EntityType.java:464) ~[hibernate-core-5.4.32.Final.jar:5.4.32.Final]
	at org.hibernate.type.ManyToOneType.resolve(ManyToOneType.java:240) ~[hibernate-core-5.4.32.Final.jar:5.4.32.Final]
	at org.hibernate.type.EntityType.resolve(EntityType.java:457) ~[hibernate-core-5.4.32.Final.jar:5.4.32.Final]
	at org.hibernate.type.EntityType.replace(EntityType.java:358) ~[hibernate-core-5.4.32.Final.jar:5.4.32.Final]
	at org.hibernate.type.AbstractType.replace(AbstractType.java:164) ~[hibernate-core-5.4.32.Final.jar:5.4.32.Final]
	at org.hibernate.type.TypeHelper.replace(TypeHelper.java:204) ~[hibernate-core-5.4.32.Final.jar:5.4.32.Final]
	at org.hibernate.event.internal.DefaultMergeEventListener.copyValues(DefaultMergeEventListener.java:488) ~[hibernate-core-5.4.32.Final.jar:5.4.32.Final]
	at org.hibernate.event.internal.DefaultMergeEventListener.entityIsTransient(DefaultMergeEventListener.java:241) ~[hibernate-core-5.4.32.Final.jar:5.4.32.Final]
	at org.hibernate.event.internal.DefaultMergeEventListener.entityIsDetached(DefaultMergeEventListener.java:318) ~[hibernate-core-5.4.32.Final.jar:5.4.32.Final]
	at org.hibernate.event.internal.DefaultMergeEventListener.onMerge(DefaultMergeEventListener.java:172) ~[hibernate-core-5.4.32.Final.jar:5.4.32.Final]
	at org.hibernate.event.internal.DefaultMergeEventListener.onMerge(DefaultMergeEventListener.java:70) ~[hibernate-core-5.4.32.Final.jar:5.4.32.Final]
	at org.hibernate.event.service.internal.EventListenerGroupImpl.fireEventOnEachListener(EventListenerGroupImpl.java:99) ~[hibernate-core-5.4.32.Final.jar:5.4.32.Final]
	at org.hibernate.internal.SessionImpl.fireMerge(SessionImpl.java:793) ~[hibernate-core-5.4.32.Final.jar:5.4.32.Final]
	at org.hibernate.internal.SessionImpl.merge(SessionImpl.java:780) ~[hibernate-core-5.4.32.Final.jar:5.4.32.Final]
	at sun.reflect.GeneratedMethodAccessor74.invoke(Unknown Source) ~[na:na]
	at sun.reflect.DelegatingMethodAccessorImpl.invoke(Unknown Source) ~[na:1.8.0_311]
	at java.lang.reflect.Method.invoke(Unknown Source) ~[na:1.8.0_311]
	at org.springframework.orm.jpa.SharedEntityManagerCreator$SharedEntityManagerInvocationHandler.invoke(SharedEntityManagerCreator.java:311) ~[spring-orm-5.3.12.jar:5.3.12]
	at com.sun.proxy.$Proxy111.merge(Unknown Source) ~[na:na]
	at org.springframework.data.jpa.repository.support.SimpleJpaRepository.save(SimpleJpaRepository.java:600) ~[spring-data-jpa-2.5.6.jar:2.5.6]
	at sun.reflect.GeneratedMethodAccessor73.invoke(Unknown Source) ~[na:na]
	at sun.reflect.DelegatingMethodAccessorImpl.invoke(Unknown Source) ~[na:1.8.0_311]
	at java.lang.reflect.Method.invoke(Unknown Source) ~[na:1.8.0_311]
	at org.springframework.data.repository.core.support.RepositoryMethodInvoker$RepositoryFragmentMethodInvoker.lambda$new$0(RepositoryMethodInvoker.java:289) ~[spring-data-commons-2.5.6.jar:2.5.6]
	at org.springframework.data.repository.core.support.RepositoryMethodInvoker.doInvoke(RepositoryMethodInvoker.java:137) ~[spring-data-commons-2.5.6.jar:2.5.6]
	at org.springframework.data.repository.core.support.RepositoryMethodInvoker.invoke(RepositoryMethodInvoker.java:121) ~[spring-data-commons-2.5.6.jar:2.5.6]
	at org.springframework.data.repository.core.support.RepositoryComposition$RepositoryFragments.invoke(RepositoryComposition.java:529) ~[spring-data-commons-2.5.6.jar:2.5.6]
	at org.springframework.data.repository.core.support.RepositoryComposition.invoke(RepositoryComposition.java:285) ~[spring-data-commons-2.5.6.jar:2.5.6]
	at org.springframework.data.repository.core.support.RepositoryFactorySupport$ImplementationMethodExecutionInterceptor.invoke(RepositoryFactorySupport.java:599) ~[spring-data-commons-2.5.6.jar:2.5.6]
	at org.springframework.aop.framework.ReflectiveMethodInvocation.proceed(ReflectiveMethodInvocation.java:186) ~[spring-aop-5.3.12.jar:5.3.12]
	at org.springframework.data.repository.core.support.QueryExecutorMethodInterceptor.doInvoke(QueryExecutorMethodInterceptor.java:163) ~[spring-data-commons-2.5.6.jar:2.5.6]
	at org.springframework.data.repository.core.support.QueryExecutorMethodInterceptor.invoke(QueryExecutorMethodInterceptor.java:138) ~[spring-data-commons-2.5.6.jar:2.5.6]
	at org.springframework.aop.framework.ReflectiveMethodInvocation.proceed(ReflectiveMethodInvocation.java:186) ~[spring-aop-5.3.12.jar:5.3.12]
	at org.springframework.data.projection.DefaultMethodInvokingMethodInterceptor.invoke(DefaultMethodInvokingMethodInterceptor.java:80) ~[spring-data-commons-2.5.6.jar:2.5.6]
	at org.springframework.aop.framework.ReflectiveMethodInvocation.proceed(ReflectiveMethodInvocation.java:186) ~[spring-aop-5.3.12.jar:5.3.12]
	at org.springframework.transaction.interceptor.TransactionInterceptor$1.proceedWithInvocation(TransactionInterceptor.java:123) ~[spring-tx-5.3.12.jar:5.3.12]
	at org.springframework.transaction.interceptor.TransactionAspectSupport.invokeWithinTransaction(TransactionAspectSupport.java:388) ~[spring-tx-5.3.12.jar:5.3.12]
	at org.springframework.transaction.interceptor.TransactionInterceptor.invoke(TransactionInterceptor.java:119) ~[spring-tx-5.3.12.jar:5.3.12]
	at org.springframework.aop.framework.ReflectiveMethodInvocation.proceed(ReflectiveMethodInvocation.java:186) ~[spring-aop-5.3.12.jar:5.3.12]
	at org.springframework.dao.support.PersistenceExceptionTranslationInterceptor.invoke(PersistenceExceptionTranslationInterceptor.java:137) ~[spring-tx-5.3.12.jar:5.3.12]
	... 19 common frames omitted

2022-01-07 13:09:46.540  INFO 8584 --- [restartedMain] j.LocalContainerEntityManagerFactoryBean : Closing JPA EntityManagerFactory for persistence unit 'default'
2022-01-07 13:09:46.544  INFO 8584 --- [restartedMain] com.zaxxer.hikari.HikariDataSource       : HikariPool-1 - Shutdown initiated...
2022-01-07 13:09:46.555  INFO 8584 --- [restartedMain] com.zaxxer.hikari.HikariDataSource       : HikariPool-1 - Shutdown completed.
2022-01-07 13:10:10.190  INFO 11688 --- [restartedMain] .e.RecruitmentManagmentSystemApplication : Starting RecruitmentManagmentSystemApplication using Java 1.8.0_311 on DESKTOP-A6D6NPI with PID 11688 (C:\Users\Mariem\Desktop\SpringBootVersionFinal\-Recruitment_Managment_System\BackEndSpringBoot\target\classes started by Mariem in C:\Users\Mariem\Desktop\SpringBootVersionFinal\-Recruitment_Managment_System\BackEndSpringBoot)
2022-01-07 13:10:10.192  INFO 11688 --- [restartedMain] .e.RecruitmentManagmentSystemApplication : No active profile set, falling back to default profiles: default
2022-01-07 13:10:10.258  INFO 11688 --- [restartedMain] o.s.b.devtools.restart.ChangeableUrls    : The Class-Path manifest attribute in C:\Users\Mariem\.m2\repository\org\glassfish\hk2\hk2\2.6.1\hk2-2.6.1.jar referenced one or more files that do not exist: file:/C:/Users/Mariem/.m2/repository/org/glassfish/hk2/hk2/2.6.1/hk2-utils.jar,file:/C:/Users/Mariem/.m2/repository/org/glassfish/hk2/hk2/2.6.1/jakarta.annotation-api.jar,file:/C:/Users/Mariem/.m2/repository/org/glassfish/hk2/hk2/2.6.1/jakarta.inject.jar,file:/C:/Users/Mariem/.m2/repository/org/glassfish/hk2/hk2/2.6.1/hk2-api.jar,file:/C:/Users/Mariem/.m2/repository/org/glassfish/hk2/hk2/2.6.1/aopalliance-repackaged.jar,file:/C:/Users/Mariem/.m2/repository/org/glassfish/hk2/hk2/2.6.1/hk2-core.jar,file:/C:/Users/Mariem/.m2/repository/org/glassfish/hk2/hk2/2.6.1/hk2-locator.jar,file:/C:/Users/Mariem/.m2/repository/org/glassfish/hk2/hk2/2.6.1/javassist.jar,file:/C:/Users/Mariem/.m2/repository/org/glassfish/hk2/hk2/2.6.1/hk2-runlevel.jar,file:/C:/Users/Mariem/.m2/repository/org/glassfish/hk2/hk2/2.6.1/class-model.jar,file:/C:/Users/Mariem/.m2/repository/org/glassfish/hk2/hk2/2.6.1/asm.jar,file:/C:/Users/Mariem/.m2/repository/org/glassfish/hk2/hk2/2.6.1/asm-analysis.jar,file:/C:/Users/Mariem/.m2/repository/org/glassfish/hk2/hk2/2.6.1/asm-commons.jar,file:/C:/Users/Mariem/.m2/repository/org/glassfish/hk2/hk2/2.6.1/asm-tree.jar,file:/C:/Users/Mariem/.m2/repository/org/glassfish/hk2/hk2/2.6.1/asm-util.jar
2022-01-07 13:10:10.261  INFO 11688 --- [restartedMain] .e.DevToolsPropertyDefaultsPostProcessor : Devtools property defaults active! Set 'spring.devtools.add-properties' to 'false' to disable
2022-01-07 13:10:10.261  INFO 11688 --- [restartedMain] .e.DevToolsPropertyDefaultsPostProcessor : For additional web related logging consider setting the 'logging.level.web' property to 'DEBUG'
2022-01-07 13:10:11.557  INFO 11688 --- [restartedMain] .s.d.r.c.RepositoryConfigurationDelegate : Bootstrapping Spring Data JPA repositories in DEFAULT mode.
2022-01-07 13:10:11.699  INFO 11688 --- [restartedMain] .s.d.r.c.RepositoryConfigurationDelegate : Finished Spring Data repository scanning in 133 ms. Found 10 JPA repository interfaces.
2022-01-07 13:10:12.188  INFO 11688 --- [restartedMain] trationDelegate$BeanPostProcessorChecker : Bean 'org.springframework.security.access.expression.method.DefaultMethodSecurityExpressionHandler@16024de1' of type [org.springframework.security.access.expression.method.DefaultMethodSecurityExpressionHandler] is not eligible for getting processed by all BeanPostProcessors (for example: not eligible for auto-proxying)
2022-01-07 13:10:12.197  INFO 11688 --- [restartedMain] trationDelegate$BeanPostProcessorChecker : Bean 'methodSecurityMetadataSource' of type [org.springframework.security.access.method.DelegatingMethodSecurityMetadataSource] is not eligible for getting processed by all BeanPostProcessors (for example: not eligible for auto-proxying)
2022-01-07 13:10:12.601  INFO 11688 --- [restartedMain] o.s.b.w.embedded.tomcat.TomcatWebServer  : Tomcat initialized with port(s): 3800 (http)
2022-01-07 13:10:12.610  INFO 11688 --- [restartedMain] o.apache.catalina.core.StandardService   : Starting service [Tomcat]
2022-01-07 13:10:12.610  INFO 11688 --- [restartedMain] org.apache.catalina.core.StandardEngine  : Starting Servlet engine: [Apache Tomcat/9.0.54]
2022-01-07 13:10:12.763  INFO 11688 --- [restartedMain] o.a.c.c.C.[Tomcat].[localhost].[/]       : Initializing Spring embedded WebApplicationContext
2022-01-07 13:10:12.763  INFO 11688 --- [restartedMain] w.s.c.ServletWebServerApplicationContext : Root WebApplicationContext: initialization completed in 2500 ms
2022-01-07 13:10:13.057  INFO 11688 --- [restartedMain] o.hibernate.jpa.internal.util.LogHelper  : HHH000204: Processing PersistenceUnitInfo [name: default]
2022-01-07 13:10:13.192  INFO 11688 --- [restartedMain] org.hibernate.Version                    : HHH000412: Hibernate ORM core version 5.4.32.Final
2022-01-07 13:10:13.335  INFO 11688 --- [restartedMain] o.hibernate.annotations.common.Version   : HCANN000001: Hibernate Commons Annotations {5.1.2.Final}
2022-01-07 13:10:13.443  INFO 11688 --- [restartedMain] com.zaxxer.hikari.HikariDataSource       : HikariPool-1 - Starting...
2022-01-07 13:10:13.958  INFO 11688 --- [restartedMain] com.zaxxer.hikari.HikariDataSource       : HikariPool-1 - Start completed.
2022-01-07 13:10:13.994  INFO 11688 --- [restartedMain] org.hibernate.dialect.Dialect            : HHH000400: Using dialect: org.hibernate.dialect.MySQL57Dialect
2022-01-07 13:11:26.435  INFO 11688 --- [restartedMain] o.h.e.t.j.p.i.JtaPlatformInitiator       : HHH000490: Using JtaPlatform implementation: [org.hibernate.engine.transaction.jta.platform.internal.NoJtaPlatform]
2022-01-07 13:11:26.464  INFO 11688 --- [restartedMain] j.LocalContainerEntityManagerFactoryBean : Initialized JPA EntityManagerFactory for persistence unit 'default'
2022-01-07 13:11:27.490  WARN 11688 --- [restartedMain] JpaBaseConfiguration$JpaWebConfiguration : spring.jpa.open-in-view is enabled by default. Therefore, database queries may be performed during view rendering. Explicitly configure spring.jpa.open-in-view to disable this warning
2022-01-07 13:11:28.228  INFO 11688 --- [restartedMain] o.s.s.web.DefaultSecurityFilterChain     : Will secure any request with [org.springframework.security.web.context.request.async.WebAsyncManagerIntegrationFilter@3e8a93a1, org.springframework.security.web.context.SecurityContextPersistenceFilter@f8769e, org.springframework.security.web.header.HeaderWriterFilter@4f9d18e6, org.springframework.security.web.authentication.logout.LogoutFilter@613b73e1, com.example.security.JWTAuthorizationFiler@6e4550ce, com.example.security.JWTAuthenticationFilter@71100af0, org.springframework.security.web.savedrequest.RequestCacheAwareFilter@13bcdc5b, org.springframework.security.web.servletapi.SecurityContextHolderAwareRequestFilter@2a1722dd, org.springframework.security.web.authentication.AnonymousAuthenticationFilter@20f60779, org.springframework.security.web.session.SessionManagementFilter@47ea8195, org.springframework.security.web.access.ExceptionTranslationFilter@4533b872, org.springframework.security.web.access.intercept.FilterSecurityInterceptor@7735bbbb]
2022-01-07 13:11:29.371  WARN 11688 --- [restartedMain] ion$DefaultTemplateResolverConfiguration : Cannot find template location: classpath:/templates/ (please add some templates or check your Thymeleaf configuration)
2022-01-07 13:11:29.819  INFO 11688 --- [restartedMain] o.s.b.d.a.OptionalLiveReloadServer       : LiveReload server is running on port 35729
2022-01-07 13:11:29.866  INFO 11688 --- [restartedMain] o.s.b.w.embedded.tomcat.TomcatWebServer  : Tomcat started on port(s): 3800 (http) with context path ''
2022-01-07 13:11:29.880  INFO 11688 --- [restartedMain] .e.RecruitmentManagmentSystemApplication : Started RecruitmentManagmentSystemApplication in 80.217 seconds (JVM running for 81.451)
2022-01-07 13:12:26.465  INFO 11688 --- [http-nio-3800-exec-1] o.a.c.c.C.[Tomcat].[localhost].[/]       : Initializing Spring DispatcherServlet 'dispatcherServlet'
2022-01-07 13:12:26.466  INFO 11688 --- [http-nio-3800-exec-1] o.s.web.servlet.DispatcherServlet        : Initializing Servlet 'dispatcherServlet'
2022-01-07 13:12:26.468  INFO 11688 --- [http-nio-3800-exec-1] o.s.web.servlet.DispatcherServlet        : Completed initialization in 2 ms
2022-01-07 13:56:42.235  INFO 11688 --- [RMI TCP Connection(2)-127.0.0.1] inMXBeanRegistrar$SpringApplicationAdmin : Application shutdown requested.
2022-01-07 13:56:43.225  INFO 11688 --- [RMI TCP Connection(2)-127.0.0.1] j.LocalContainerEntityManagerFactoryBean : Closing JPA EntityManagerFactory for persistence unit 'default'
2022-01-07 13:56:43.437  INFO 11688 --- [RMI TCP Connection(2)-127.0.0.1] com.zaxxer.hikari.HikariDataSource       : HikariPool-1 - Shutdown initiated...
2022-01-07 13:56:43.446  INFO 11688 --- [RMI TCP Connection(2)-127.0.0.1] com.zaxxer.hikari.HikariDataSource       : HikariPool-1 - Shutdown completed.
